2023/10/31 23:15:39 Starting client Client 2...
2023/10/31 23:15:44 [Time: 6] Server: <Client 1>: message b
2023/10/31 23:15:55 [Time: 8] Server: Client 1 has left the chat
2023/10/31 23:15:58 [Time: 10] Server: <Client 2>: message c
2023/10/31 23:16:03 [Time: 11] Server: 
2023/10/31 23:16:03 [Time: 12] Server: 
2023/10/31 23:16:03 [Time: 13] Server: 
2023/10/31 23:16:03 [Time: 14] Server: 
2023/10/31 23:16:03 [Time: 15] Server: 
2023/10/31 23:16:03 [Time: 16] Server: 
2023/10/31 23:16:03 [Time: 17] Server: 
2023/10/31 23:16:03 [Time: 18] Server: 
2023/10/31 23:16:03 [Time: 19] Server: 
2023/10/31 23:16:03 [Time: 20] Server: 
2023/10/31 23:16:03 [Time: 21] Server: 
2023/10/31 23:16:03 [Time: 22] Server: 
2023/10/31 23:16:03 [Time: 23] Server: 
2023/10/31 23:16:03 [Time: 24] Server: 
2023/10/31 23:16:03 [Time: 25] Server: 
2023/10/31 23:16:03 [Time: 26] Server: 
2023/10/31 23:16:03 [Time: 27] Server: 
2023/10/31 23:16:03 [Time: 28] Server: 
2023/10/31 23:16:03 [Time: 29] Server: 
2023/10/31 23:16:03 [Time: 30] Server: 
2023/10/31 23:16:03 [Time: 31] Server: 
2023/10/31 23:16:03 [Time: 32] Server: 
2023/10/31 23:16:03 [Time: 33] Server: 
2023/10/31 23:16:03 [Time: 34] Server: 
2023/10/31 23:16:03 [Time: 35] Server: 
2023/10/31 23:16:03 [Time: 36] Server: 
2023/10/31 23:16:03 [Time: 37] Server: 
2023/10/31 23:16:03 [Time: 38] Server: 
2023/10/31 23:16:03 [Time: 39] Server: 
2023/10/31 23:16:03 [Time: 40] Server: 
2023/10/31 23:16:03 [Time: 41] Server: 
2023/10/31 23:16:03 [Time: 42] Server: 
2023/10/31 23:16:03 [Time: 43] Server: 
2023/10/31 23:16:03 [Time: 44] Server: 
2023/10/31 23:16:03 [Time: 45] Server: 
2023/10/31 23:16:03 [Time: 46] Server: 
2023/10/31 23:16:03 [Time: 47] Server: 
2023/10/31 23:16:03 [Time: 48] Server: 
2023/10/31 23:16:03 [Time: 49] Server: 
2023/10/31 23:16:03 [Time: 50] Server: 
2023/10/31 23:16:03 [Time: 51] Server: 
2023/10/31 23:16:03 [Time: 52] Server: 
2023/10/31 23:16:03 [Time: 53] Server: 
2023/10/31 23:16:03 [Time: 54] Server: 
2023/10/31 23:16:03 [Time: 55] Server: 
2023/10/31 23:16:03 [Time: 56] Server: 
2023/10/31 23:16:03 [Time: 57] Server: 
2023/10/31 23:16:03 [Time: 58] Server: 
2023/10/31 23:16:03 [Time: 59] Server: 
2023/10/31 23:16:03 [Time: 60] Server: 
2023/10/31 23:16:03 [Time: 61] Server: 
2023/10/31 23:16:03 [Time: 62] Server: 
2023/10/31 23:16:03 [Time: 63] Server: 
2023/10/31 23:16:03 [Time: 64] Server: 
2023/10/31 23:16:03 [Time: 65] Server: 
2023/10/31 23:16:03 [Time: 66] Server: 
2023/10/31 23:16:03 [Time: 67] Server: 
2023/10/31 23:16:03 [Time: 68] Server: 
2023/10/31 23:16:03 [Time: 69] Server: 
2023/10/31 23:16:03 [Time: 70] Server: 
2023/10/31 23:16:03 [Time: 71] Server: 
2023/10/31 23:16:03 [Time: 72] Server: 
2023/10/31 23:16:03 [Time: 73] Server: 
2023/10/31 23:16:03 [Time: 74] Server: 
2023/10/31 23:16:03 [Time: 75] Server: 
2023/10/31 23:16:03 [Time: 76] Server: 
2023/10/31 23:16:03 [Time: 77] Server: 
2023/10/31 23:16:03 [Time: 78] Server: 
2023/10/31 23:16:03 [Time: 79] Server: 
2023/10/31 23:16:03 [Time: 80] Server: 
2023/10/31 23:16:03 [Time: 81] Server: 
2023/10/31 23:16:03 [Time: 82] Server: 
2023/10/31 23:16:03 [Time: 83] Server: 
2023/10/31 23:16:03 [Time: 84] Server: 
2023/10/31 23:16:03 [Time: 85] Server: 
2023/10/31 23:16:03 [Time: 86] Server: 
2023/10/31 23:16:03 [Time: 87] Server: 
2023/10/31 23:16:03 [Time: 88] Server: 
2023/10/31 23:16:03 [Time: 89] Server: 
2023/10/31 23:16:03 [Time: 90] Server: 
2023/10/31 23:16:03 [Time: 91] Server: 
2023/10/31 23:16:03 [Time: 92] Server: 
2023/10/31 23:16:03 [Time: 93] Server: 
2023/10/31 23:16:03 [Time: 94] Server: 
2023/10/31 23:16:03 [Time: 95] Server: 
2023/10/31 23:16:03 [Time: 96] Server: 
2023/10/31 23:16:03 [Time: 97] Server: 
2023/10/31 23:16:03 [Time: 98] Server: 
2023/10/31 23:16:03 [Time: 99] Server: 
2023/10/31 23:16:03 [Time: 100] Server: 
2023/10/31 23:16:03 [Time: 101] Server: 
2023/10/31 23:16:03 [Time: 102] Server: 
2023/10/31 23:16:03 [Time: 103] Server: 
2023/10/31 23:16:03 [Time: 104] Server: 
2023/10/31 23:16:03 [Time: 105] Server: 
2023/10/31 23:16:03 [Time: 106] Server: 
2023/10/31 23:16:03 [Time: 107] Server: 
2023/10/31 23:16:03 [Time: 108] Server: 
2023/10/31 23:16:03 [Time: 109] Server: 
2023/10/31 23:16:03 [Time: 110] Server: 
2023/10/31 23:16:03 [Time: 111] Server: 
2023/10/31 23:16:03 [Time: 112] Server: 
2023/10/31 23:16:03 [Time: 113] Server: 
2023/10/31 23:16:03 [Time: 114] Server: 
2023/10/31 23:16:03 [Time: 115] Server: 
2023/10/31 23:16:03 [Time: 116] Server: 
2023/10/31 23:16:03 [Time: 117] Server: 
2023/10/31 23:16:03 [Time: 118] Server: 
2023/10/31 23:16:03 [Time: 119] Server: 
2023/10/31 23:16:03 [Time: 120] Server: 
2023/10/31 23:16:03 [Time: 121] Server: 
2023/10/31 23:16:03 [Time: 122] Server: 
2023/10/31 23:16:03 [Time: 123] Server: 
2023/10/31 23:16:03 [Time: 124] Server: 
2023/10/31 23:16:03 [Time: 125] Server: 
2023/10/31 23:16:03 [Time: 126] Server: 
2023/10/31 23:16:03 [Time: 127] Server: 
2023/10/31 23:16:03 [Time: 128] Server: 
2023/10/31 23:16:03 [Time: 129] Server: 
2023/10/31 23:16:04 [Time: 130] Server: 
2023/10/31 23:16:04 [Time: 131] Server: 
2023/10/31 23:16:04 [Time: 132] Server: 
2023/10/31 23:16:04 [Time: 133] Server: 
2023/10/31 23:16:04 [Time: 134] Server: 
2023/10/31 23:16:04 [Time: 135] Server: 
2023/10/31 23:16:04 [Time: 136] Server: 
2023/10/31 23:16:04 [Time: 137] Server: 
2023/10/31 23:16:04 [Time: 138] Server: 
2023/10/31 23:16:04 [Time: 139] Server: 
2023/10/31 23:16:04 [Time: 140] Server: 
2023/10/31 23:16:04 [Time: 141] Server: 
2023/10/31 23:16:04 [Time: 142] Server: 
2023/10/31 23:16:04 [Time: 143] Server: 
2023/10/31 23:16:04 [Time: 144] Server: 
2023/10/31 23:16:04 [Time: 145] Server: 
2023/10/31 23:16:04 [Time: 146] Server: 
2023/10/31 23:16:04 [Time: 147] Server: 
2023/10/31 23:16:04 [Time: 148] Server: 
2023/10/31 23:16:04 [Time: 149] Server: 
2023/10/31 23:16:04 [Time: 150] Server: 
2023/10/31 23:16:04 [Time: 151] Server: 
2023/10/31 23:16:04 [Time: 152] Server: 
2023/10/31 23:16:04 [Time: 153] Server: 
2023/10/31 23:16:04 [Time: 154] Server: 
2023/10/31 23:16:04 [Time: 155] Server: 
2023/10/31 23:16:04 [Time: 156] Server: 
2023/10/31 23:16:04 [Time: 157] Server: 
2023/10/31 23:16:04 [Time: 158] Server: 
2023/10/31 23:16:04 [Time: 159] Server: 
2023/10/31 23:16:04 [Time: 160] Server: 
2023/10/31 23:16:04 [Time: 161] Server: 
2023/10/31 23:16:04 [Time: 162] Server: 
2023/10/31 23:16:04 [Time: 163] Server: 
2023/10/31 23:16:04 [Time: 164] Server: 
2023/10/31 23:16:04 [Time: 165] Server: 
2023/10/31 23:16:04 [Time: 166] Server: 
2023/10/31 23:16:04 [Time: 167] Server: 
2023/10/31 23:16:04 [Time: 168] Server: 
2023/10/31 23:16:04 [Time: 169] Server: 
2023/10/31 23:16:04 [Time: 170] Server: 
2023/10/31 23:16:04 [Time: 171] Server: 
2023/10/31 23:16:04 [Time: 172] Server: 
2023/10/31 23:16:04 [Time: 173] Server: 
2023/10/31 23:16:04 [Time: 174] Server: 
2023/10/31 23:16:04 [Time: 175] Server: 
2023/10/31 23:16:04 [Time: 176] Server: 
2023/10/31 23:16:04 [Time: 177] Server: 
2023/10/31 23:16:04 [Time: 178] Server: 
2023/10/31 23:16:04 [Time: 179] Server: 
2023/10/31 23:16:04 [Time: 180] Server: 
2023/10/31 23:16:04 [Time: 181] Server: 
2023/10/31 23:16:04 [Time: 182] Server: 
2023/10/31 23:16:04 [Time: 183] Server: 
2023/10/31 23:16:04 [Time: 184] Server: 
2023/10/31 23:16:04 [Time: 185] Server: 
2023/10/31 23:16:04 [Time: 186] Server: 
2023/10/31 23:16:04 [Time: 187] Server: 
2023/10/31 23:16:04 [Time: 188] Server: 
2023/10/31 23:16:04 [Time: 189] Server: 
2023/10/31 23:16:04 [Time: 190] Server: 
2023/10/31 23:16:04 [Time: 191] Server: 
2023/10/31 23:16:04 [Time: 192] Server: 
2023/10/31 23:16:04 [Time: 193] Server: 
2023/10/31 23:16:04 [Time: 194] Server: 
2023/10/31 23:16:04 [Time: 195] Server: 
2023/10/31 23:16:04 [Time: 196] Server: 
2023/10/31 23:16:04 [Time: 197] Server: 
2023/10/31 23:16:04 [Time: 198] Server: 
2023/10/31 23:16:04 [Time: 199] Server: 
2023/10/31 23:16:04 [Time: 200] Server: 
2023/10/31 23:16:04 [Time: 201] Server: 
2023/10/31 23:16:04 [Time: 202] Server: 
2023/10/31 23:16:04 [Time: 203] Server: 
2023/10/31 23:16:04 [Time: 204] Server: 
2023/10/31 23:16:04 [Time: 205] Server: 
2023/10/31 23:16:04 [Time: 206] Server: 
2023/10/31 23:16:04 [Time: 207] Server: 
2023/10/31 23:16:04 [Time: 208] Server: 
2023/10/31 23:16:04 [Time: 209] Server: 
2023/10/31 23:16:04 [Time: 210] Server: 
2023/10/31 23:16:04 [Time: 211] Server: 
2023/10/31 23:16:04 [Time: 212] Server: 
2023/10/31 23:16:04 [Time: 213] Server: 
2023/10/31 23:16:04 [Time: 214] Server: 
2023/10/31 23:16:04 [Time: 215] Server: 
2023/10/31 23:16:04 [Time: 216] Server: 
2023/10/31 23:16:04 [Time: 217] Server: 
2023/10/31 23:16:04 [Time: 218] Server: 
2023/10/31 23:16:04 [Time: 219] Server: 
2023/10/31 23:16:04 [Time: 220] Server: 
2023/10/31 23:16:04 [Time: 221] Server: 
2023/10/31 23:16:04 [Time: 222] Server: 
2023/10/31 23:16:04 [Time: 223] Server: 
2023/10/31 23:16:04 [Time: 224] Server: 
2023/10/31 23:16:04 [Time: 225] Server: 
2023/10/31 23:16:04 [Time: 226] Server: 
2023/10/31 23:16:04 [Time: 227] Server: 
2023/10/31 23:16:04 [Time: 228] Server: 
2023/10/31 23:16:04 [Time: 229] Server: 
2023/10/31 23:16:04 [Time: 230] Server: 
2023/10/31 23:16:04 [Time: 231] Server: 
2023/10/31 23:16:04 [Time: 232] Server: 
2023/10/31 23:16:04 [Time: 233] Server: 
2023/10/31 23:16:04 [Time: 234] Server: 
2023/10/31 23:16:04 [Time: 235] Server: 
2023/10/31 23:16:04 [Time: 236] Server: 
2023/10/31 23:16:04 [Time: 237] Server: 
2023/10/31 23:16:04 [Time: 238] Server: 
2023/10/31 23:16:04 [Time: 239] Server: 
2023/10/31 23:16:04 [Time: 240] Server: 
2023/10/31 23:16:04 [Time: 241] Server: 
2023/10/31 23:16:04 [Time: 242] Server: 
2023/10/31 23:16:04 [Time: 243] Server: 
2023/10/31 23:16:04 [Time: 244] Server: 
2023/10/31 23:16:04 [Time: 245] Server: 
2023/10/31 23:16:04 [Time: 246] Server: 
2023/10/31 23:16:04 [Time: 247] Server: 
2023/10/31 23:16:04 [Time: 248] Server: 
2023/10/31 23:16:04 [Time: 249] Server: 
2023/10/31 23:16:04 [Time: 250] Server: 
2023/10/31 23:16:04 [Time: 251] Server: 
2023/10/31 23:16:04 [Time: 252] Server: 
2023/10/31 23:16:04 [Time: 253] Server: 
2023/10/31 23:16:04 [Time: 254] Server: 
2023/10/31 23:16:04 [Time: 255] Server: 
2023/10/31 23:16:04 [Time: 256] Server: 
2023/10/31 23:16:04 [Time: 257] Server: 
2023/10/31 23:16:04 [Time: 258] Server: 
2023/10/31 23:16:04 [Time: 259] Server: 
2023/10/31 23:16:04 [Time: 260] Server: 
2023/10/31 23:16:04 [Time: 261] Server: 
2023/10/31 23:16:04 [Time: 262] Server: 
2023/10/31 23:16:04 [Time: 263] Server: 
2023/10/31 23:16:04 [Time: 264] Server: 
2023/10/31 23:16:04 [Time: 265] Server: 
2023/10/31 23:16:04 [Time: 266] Server: 
2023/10/31 23:16:04 [Time: 267] Server: 
2023/10/31 23:16:04 [Time: 268] Server: 
2023/10/31 23:16:04 [Time: 269] Server: 
2023/10/31 23:16:04 [Time: 270] Server: 
2023/10/31 23:16:04 [Time: 271] Server: 
2023/10/31 23:16:04 [Time: 272] Server: 
2023/10/31 23:16:04 [Time: 273] Server: 
2023/10/31 23:16:04 [Time: 274] Server: 
2023/10/31 23:16:04 [Time: 275] Server: 
2023/10/31 23:16:04 [Time: 276] Server: 
2023/10/31 23:16:05 [Time: 277] Server: 
2023/10/31 23:16:05 [Time: 278] Server: 
2023/10/31 23:16:05 [Time: 279] Server: 
2023/10/31 23:16:05 [Time: 280] Server: 
2023/10/31 23:16:05 [Time: 281] Server: 
2023/10/31 23:16:05 [Time: 282] Server: 
2023/10/31 23:16:05 [Time: 283] Server: 
2023/10/31 23:16:05 [Time: 284] Server: 
2023/10/31 23:16:05 [Time: 285] Server: 
2023/10/31 23:16:05 [Time: 286] Server: 
2023/10/31 23:16:05 [Time: 287] Server: 
2023/10/31 23:16:05 [Time: 288] Server: 
2023/10/31 23:16:05 [Time: 289] Server: 
2023/10/31 23:16:05 [Time: 290] Server: 
2023/10/31 23:16:05 [Time: 291] Server: 
2023/10/31 23:16:05 [Time: 292] Server: 
2023/10/31 23:16:05 [Time: 293] Server: 
2023/10/31 23:16:05 [Time: 294] Server: 
2023/10/31 23:16:05 [Time: 295] Server: 
2023/10/31 23:16:05 [Time: 296] Server: 
2023/10/31 23:16:05 [Time: 297] Server: 
2023/10/31 23:16:05 [Time: 298] Server: 
2023/10/31 23:16:05 [Time: 299] Server: 
2023/10/31 23:16:05 [Time: 300] Server: 
2023/10/31 23:16:05 [Time: 301] Server: 
2023/10/31 23:16:05 [Time: 302] Server: 
2023/10/31 23:16:05 [Time: 303] Server: 
2023/10/31 23:16:05 [Time: 304] Server: 
2023/10/31 23:16:05 [Time: 305] Server: 
2023/10/31 23:16:05 [Time: 306] Server: 
2023/10/31 23:16:05 [Time: 307] Server: 
2023/10/31 23:16:05 [Time: 308] Server: 
2023/10/31 23:16:05 [Time: 309] Server: 
2023/10/31 23:16:05 [Time: 310] Server: 
2023/10/31 23:16:05 [Time: 311] Server: 
2023/10/31 23:16:05 [Time: 312] Server: 
2023/10/31 23:16:05 [Time: 313] Server: 
2023/10/31 23:16:05 [Time: 314] Server: 
2023/10/31 23:16:05 [Time: 315] Server: 
2023/10/31 23:16:05 [Time: 316] Server: 
2023/10/31 23:16:05 [Time: 317] Server: 
2023/10/31 23:16:05 [Time: 318] Server: 
2023/10/31 23:16:05 [Time: 319] Server: 
2023/10/31 23:16:05 [Time: 320] Server: 
2023/10/31 23:16:05 [Time: 321] Server: 
2023/10/31 23:16:05 [Time: 322] Server: 
2023/10/31 23:16:05 [Time: 323] Server: 
2023/10/31 23:16:05 [Time: 324] Server: 
2023/10/31 23:16:05 [Time: 325] Server: 
2023/10/31 23:16:05 [Time: 326] Server: 
2023/10/31 23:16:05 [Time: 327] Server: 
2023/10/31 23:16:05 [Time: 328] Server: 
2023/10/31 23:16:05 [Time: 329] Server: 
2023/10/31 23:16:05 [Time: 330] Server: 
2023/10/31 23:16:05 [Time: 331] Server: 
2023/10/31 23:16:05 [Time: 332] Server: 
2023/10/31 23:16:05 [Time: 333] Server: 
2023/10/31 23:16:05 [Time: 334] Server: 
2023/10/31 23:16:05 [Time: 335] Server: 
2023/10/31 23:16:05 [Time: 336] Server: 
2023/10/31 23:16:05 [Time: 337] Server: 
2023/10/31 23:16:05 [Time: 338] Server: 
2023/10/31 23:16:05 [Time: 339] Server: 
2023/10/31 23:16:05 [Time: 340] Server: 
2023/10/31 23:16:05 [Time: 341] Server: 
2023/10/31 23:16:05 [Time: 342] Server: 
2023/10/31 23:16:05 [Time: 343] Server: 
2023/10/31 23:16:05 [Time: 344] Server: 
2023/10/31 23:16:05 [Time: 345] Server: 
2023/10/31 23:16:05 [Time: 346] Server: 
2023/10/31 23:16:05 [Time: 347] Server: 
2023/10/31 23:16:05 [Time: 348] Server: 
2023/10/31 23:16:05 [Time: 349] Server: 
2023/10/31 23:16:05 [Time: 350] Server: 
2023/10/31 23:16:05 [Time: 351] Server: 
2023/10/31 23:16:05 [Time: 352] Server: 
2023/10/31 23:16:05 [Time: 353] Server: 
2023/10/31 23:16:05 [Time: 354] Server: 
2023/10/31 23:16:05 [Time: 355] Server: 
2023/10/31 23:16:05 [Time: 356] Server: 
2023/10/31 23:16:05 [Time: 357] Server: 
2023/10/31 23:16:05 [Time: 358] Server: 
2023/10/31 23:16:05 [Time: 359] Server: 
2023/10/31 23:16:05 [Time: 360] Server: 
2023/10/31 23:16:05 [Time: 361] Server: 
2023/10/31 23:16:05 [Time: 362] Server: 
2023/10/31 23:16:05 [Time: 363] Server: 
2023/10/31 23:16:05 [Time: 364] Server: 
2023/10/31 23:16:05 [Time: 365] Server: 
2023/10/31 23:16:05 [Time: 366] Server: 
2023/10/31 23:16:05 [Time: 367] Server: 
2023/10/31 23:16:05 [Time: 368] Server: 
2023/10/31 23:16:05 [Time: 369] Server: 
2023/10/31 23:16:05 [Time: 370] Server: 
2023/10/31 23:16:05 [Time: 371] Server: 
2023/10/31 23:16:05 [Time: 372] Server: 
2023/10/31 23:16:05 [Time: 373] Server: 
2023/10/31 23:16:05 [Time: 374] Server: 
2023/10/31 23:16:05 [Time: 375] Server: 
2023/10/31 23:16:05 [Time: 376] Server: 
2023/10/31 23:16:05 [Time: 377] Server: 
2023/10/31 23:16:05 [Time: 378] Server: 
2023/10/31 23:16:05 [Time: 379] Server: 
2023/10/31 23:16:05 [Time: 380] Server: 
2023/10/31 23:16:05 [Time: 381] Server: 
2023/10/31 23:16:05 [Time: 382] Server: 
2023/10/31 23:16:05 [Time: 383] Server: 
2023/10/31 23:16:05 [Time: 384] Server: 
2023/10/31 23:16:05 [Time: 385] Server: 
2023/10/31 23:16:05 [Time: 386] Server: 
2023/10/31 23:16:05 [Time: 387] Server: 
2023/10/31 23:16:05 [Time: 388] Server: 
2023/10/31 23:16:05 [Time: 389] Server: 
2023/10/31 23:16:05 [Time: 390] Server: 
2023/10/31 23:16:05 [Time: 391] Server: 
2023/10/31 23:16:05 [Time: 392] Server: 
2023/10/31 23:16:05 [Time: 393] Server: 
2023/10/31 23:16:05 [Time: 394] Server: 
2023/10/31 23:16:05 [Time: 395] Server: 
2023/10/31 23:16:05 [Time: 396] Server: 
2023/10/31 23:16:05 [Time: 397] Server: 
2023/10/31 23:16:05 [Time: 398] Server: 
2023/10/31 23:16:05 [Time: 399] Server: 
2023/10/31 23:16:05 [Time: 400] Server: 
2023/10/31 23:16:05 [Time: 401] Server: 
2023/10/31 23:16:05 [Time: 402] Server: 
2023/10/31 23:16:05 [Time: 403] Server: 
2023/10/31 23:16:05 [Time: 404] Server: 
2023/10/31 23:16:05 [Time: 405] Server: 
2023/10/31 23:16:05 [Time: 406] Server: 
2023/10/31 23:16:05 [Time: 407] Server: 
2023/10/31 23:16:05 [Time: 408] Server: 
2023/10/31 23:16:05 [Time: 409] Server: 
2023/10/31 23:16:05 [Time: 410] Server: 
2023/10/31 23:16:05 [Time: 411] Server: 
2023/10/31 23:16:05 [Time: 412] Server: 
2023/10/31 23:16:05 [Time: 413] Server: 
2023/10/31 23:16:05 [Time: 414] Server: 
2023/10/31 23:16:05 [Time: 415] Server: 
2023/10/31 23:16:05 [Time: 416] Server: 
2023/10/31 23:16:05 [Time: 417] Server: 
2023/10/31 23:16:05 [Time: 418] Server: 
2023/10/31 23:16:05 [Time: 419] Server: 
2023/10/31 23:16:05 [Time: 420] Server: 
2023/10/31 23:16:05 [Time: 421] Server: 
2023/10/31 23:16:05 [Time: 422] Server: 
2023/10/31 23:16:05 [Time: 423] Server: 
2023/10/31 23:16:05 [Time: 424] Server: 
2023/10/31 23:16:05 [Time: 425] Server: 
2023/10/31 23:16:05 [Time: 426] Server: 
2023/10/31 23:16:05 [Time: 427] Server: 
2023/10/31 23:16:05 [Time: 428] Server: 
2023/10/31 23:16:05 [Time: 429] Server: 
2023/10/31 23:16:05 [Time: 430] Server: 
2023/10/31 23:16:05 [Time: 431] Server: 
2023/10/31 23:16:05 [Time: 432] Server: 
2023/10/31 23:16:05 [Time: 433] Server: 
2023/10/31 23:16:05 [Time: 434] Server: 
2023/10/31 23:16:05 [Time: 435] Server: 
2023/10/31 23:16:05 [Time: 436] Server: 
2023/10/31 23:16:05 [Time: 437] Server: 
2023/10/31 23:16:05 [Time: 438] Server: 
2023/10/31 23:16:05 [Time: 439] Server: 
2023/10/31 23:16:05 [Time: 440] Server: 
2023/10/31 23:16:05 [Time: 441] Server: 
2023/10/31 23:16:05 [Time: 442] Server: 
2023/10/31 23:16:05 [Time: 443] Server: 
2023/10/31 23:16:05 [Time: 444] Server: 
2023/10/31 23:16:05 [Time: 445] Server: 
2023/10/31 23:16:05 [Time: 446] Server: 
2023/10/31 23:16:05 [Time: 447] Server: 
2023/10/31 23:16:05 [Time: 448] Server: 
2023/10/31 23:16:05 [Time: 449] Server: 
2023/10/31 23:16:05 [Time: 450] Server: 
2023/10/31 23:16:05 [Time: 451] Server: 
2023/10/31 23:16:05 [Time: 452] Server: 
2023/10/31 23:16:05 [Time: 453] Server: 
2023/10/31 23:16:05 [Time: 454] Server: 
2023/10/31 23:16:05 [Time: 455] Server: 
2023/10/31 23:16:06 [Time: 456] Server: 
2023/10/31 23:16:06 [Time: 457] Server: 
2023/10/31 23:16:06 [Time: 458] Server: 
2023/10/31 23:16:06 [Time: 459] Server: 
2023/10/31 23:16:06 [Time: 460] Server: 
2023/10/31 23:16:06 [Time: 461] Server: 
2023/10/31 23:16:06 [Time: 462] Server: 
2023/10/31 23:16:06 [Time: 463] Server: 
2023/10/31 23:16:06 [Time: 464] Server: 
2023/10/31 23:16:06 [Time: 465] Server: 
2023/10/31 23:16:06 [Time: 466] Server: 
2023/10/31 23:16:06 [Time: 467] Server: 
2023/10/31 23:16:06 [Time: 468] Server: 
2023/10/31 23:16:06 [Time: 469] Server: 
2023/10/31 23:16:06 [Time: 470] Server: 
2023/10/31 23:16:06 [Time: 471] Server: 
2023/10/31 23:16:06 [Time: 472] Server: 
2023/10/31 23:16:06 [Time: 473] Server: 
2023/10/31 23:16:06 [Time: 474] Server: 
2023/10/31 23:16:06 [Time: 475] Server: 
2023/10/31 23:16:06 [Time: 476] Server: 
2023/10/31 23:16:06 [Time: 477] Server: 
2023/10/31 23:16:06 [Time: 478] Server: 
2023/10/31 23:16:06 [Time: 479] Server: 
2023/10/31 23:16:06 [Time: 480] Server: 
2023/10/31 23:16:06 [Time: 481] Server: 
2023/10/31 23:16:06 [Time: 482] Server: 
2023/10/31 23:16:06 [Time: 483] Server: 
2023/10/31 23:16:06 [Time: 484] Server: 
2023/10/31 23:16:06 [Time: 485] Server: 
2023/10/31 23:16:06 [Time: 486] Server: 
2023/10/31 23:16:06 [Time: 487] Server: 
2023/10/31 23:16:06 [Time: 488] Server: 
2023/10/31 23:16:06 [Time: 489] Server: 
2023/10/31 23:16:06 [Time: 490] Server: 
2023/10/31 23:16:06 [Time: 491] Server: 
2023/10/31 23:16:06 [Time: 492] Server: 
2023/10/31 23:16:06 [Time: 493] Server: 
2023/10/31 23:16:06 [Time: 494] Server: 
2023/10/31 23:16:06 [Time: 495] Server: 
2023/10/31 23:16:06 [Time: 496] Server: 
2023/10/31 23:16:06 [Time: 497] Server: 
2023/10/31 23:16:06 [Time: 498] Server: 
2023/10/31 23:16:06 [Time: 499] Server: 
2023/10/31 23:16:06 [Time: 500] Server: 
2023/10/31 23:16:06 [Time: 501] Server: 
2023/10/31 23:16:06 [Time: 502] Server: 
2023/10/31 23:16:06 [Time: 503] Server: 
2023/10/31 23:16:06 [Time: 504] Server: 
2023/10/31 23:16:06 [Time: 505] Server: 
2023/10/31 23:16:06 [Time: 506] Server: 
2023/10/31 23:16:06 [Time: 507] Server: 
2023/10/31 23:16:06 [Time: 508] Server: 
2023/10/31 23:16:06 [Time: 509] Server: 
2023/10/31 23:16:06 [Time: 510] Server: 
2023/10/31 23:16:06 [Time: 511] Server: 
2023/10/31 23:16:06 [Time: 512] Server: 
2023/10/31 23:16:06 [Time: 513] Server: 
2023/10/31 23:16:06 [Time: 514] Server: 
2023/10/31 23:16:06 [Time: 515] Server: 
2023/10/31 23:16:06 [Time: 516] Server: 
2023/10/31 23:16:06 [Time: 517] Server: 
2023/10/31 23:16:06 [Time: 518] Server: 
2023/10/31 23:16:06 [Time: 519] Server: 
2023/10/31 23:16:06 [Time: 520] Server: 
2023/10/31 23:16:06 [Time: 521] Server: 
2023/10/31 23:16:06 [Time: 522] Server: 
2023/10/31 23:16:06 [Time: 523] Server: 
2023/10/31 23:16:06 [Time: 524] Server: 
2023/10/31 23:16:06 [Time: 525] Server: 
2023/10/31 23:16:06 [Time: 526] Server: 
2023/10/31 23:16:06 [Time: 527] Server: 
2023/10/31 23:16:06 [Time: 528] Server: 
2023/10/31 23:16:06 [Time: 529] Server: 
2023/10/31 23:16:06 [Time: 530] Server: 
2023/10/31 23:16:06 [Time: 531] Server: 
2023/10/31 23:16:06 [Time: 532] Server: 
2023/10/31 23:16:06 [Time: 533] Server: 
2023/10/31 23:16:06 [Time: 534] Server: 
2023/10/31 23:16:06 [Time: 535] Server: 
2023/10/31 23:16:06 [Time: 536] Server: 
2023/10/31 23:16:06 [Time: 537] Server: 
2023/10/31 23:16:06 [Time: 538] Server: 
2023/10/31 23:16:06 [Time: 539] Server: 
2023/10/31 23:16:06 [Time: 540] Server: 
2023/10/31 23:16:06 [Time: 541] Server: 
2023/10/31 23:16:06 [Time: 542] Server: 
2023/10/31 23:16:06 [Time: 543] Server: 
2023/10/31 23:16:06 [Time: 544] Server: 
2023/10/31 23:16:06 [Time: 545] Server: 
2023/10/31 23:16:06 [Time: 546] Server: 
2023/10/31 23:16:06 [Time: 547] Server: 
2023/10/31 23:16:06 [Time: 548] Server: 
2023/10/31 23:16:06 [Time: 549] Server: 
2023/10/31 23:16:06 [Time: 550] Server: 
2023/10/31 23:16:06 [Time: 551] Server: 
2023/10/31 23:16:06 [Time: 552] Server: 
2023/10/31 23:16:06 [Time: 553] Server: 
2023/10/31 23:16:06 [Time: 554] Server: 
2023/10/31 23:16:06 [Time: 555] Server: 
2023/10/31 23:16:06 [Time: 556] Server: 
2023/10/31 23:16:06 [Time: 557] Server: 
2023/10/31 23:16:06 [Time: 558] Server: 
2023/10/31 23:16:06 [Time: 559] Server: 
2023/10/31 23:16:06 [Time: 560] Server: 
2023/10/31 23:16:06 [Time: 561] Server: 
2023/10/31 23:16:06 [Time: 562] Server: 
2023/10/31 23:16:06 [Time: 563] Server: 
2023/10/31 23:16:06 [Time: 564] Server: 
2023/10/31 23:16:06 [Time: 565] Server: 
2023/10/31 23:16:06 [Time: 566] Server: 
2023/10/31 23:16:06 [Time: 567] Server: 
2023/10/31 23:16:06 [Time: 568] Server: 
2023/10/31 23:16:06 [Time: 569] Server: 
2023/10/31 23:16:06 [Time: 570] Server: 
2023/10/31 23:16:06 [Time: 571] Server: 
2023/10/31 23:16:06 [Time: 572] Server: 
2023/10/31 23:16:06 [Time: 573] Server: 
2023/10/31 23:16:06 [Time: 574] Server: 
2023/10/31 23:16:06 [Time: 575] Server: 
2023/10/31 23:16:06 [Time: 576] Server: 
2023/10/31 23:16:06 [Time: 577] Server: 
2023/10/31 23:16:06 [Time: 578] Server: 
2023/10/31 23:16:06 [Time: 579] Server: 
2023/10/31 23:16:06 [Time: 580] Server: 
2023/10/31 23:16:06 [Time: 581] Server: 
2023/10/31 23:16:06 [Time: 582] Server: 
2023/10/31 23:16:06 [Time: 583] Server: 
2023/10/31 23:16:06 [Time: 584] Server: 
2023/10/31 23:16:06 [Time: 585] Server: 
2023/10/31 23:16:06 [Time: 586] Server: 
2023/10/31 23:16:06 [Time: 587] Server: 
2023/10/31 23:16:06 [Time: 588] Server: 
2023/10/31 23:16:06 [Time: 589] Server: 
2023/10/31 23:16:06 [Time: 590] Server: 
2023/10/31 23:16:06 [Time: 591] Server: 
2023/10/31 23:16:06 [Time: 592] Server: 
2023/10/31 23:16:06 [Time: 593] Server: 
2023/10/31 23:16:06 [Time: 594] Server: 
2023/10/31 23:16:06 [Time: 595] Server: 
2023/10/31 23:16:06 [Time: 596] Server: 
2023/10/31 23:16:06 [Time: 597] Server: 
2023/10/31 23:16:06 [Time: 598] Server: 
2023/10/31 23:16:06 [Time: 599] Server: 
2023/10/31 23:16:06 [Time: 600] Server: 
2023/10/31 23:16:06 [Time: 601] Server: 
2023/10/31 23:16:06 [Time: 602] Server: 
2023/10/31 23:16:06 [Time: 603] Server: 
2023/10/31 23:16:06 [Time: 604] Server: 
2023/10/31 23:16:06 [Time: 605] Server: 
2023/10/31 23:16:06 [Time: 606] Server: 
2023/10/31 23:16:06 [Time: 607] Server: 
2023/10/31 23:16:06 [Time: 608] Server: 
2023/10/31 23:16:06 [Time: 609] Server: 
2023/10/31 23:16:06 [Time: 610] Server: 
2023/10/31 23:16:06 [Time: 611] Server: 
2023/10/31 23:16:06 [Time: 612] Server: 
2023/10/31 23:16:06 [Time: 613] Server: 
2023/10/31 23:16:06 [Time: 614] Server: 
2023/10/31 23:16:06 [Time: 615] Server: 
2023/10/31 23:16:06 [Time: 616] Server: 
2023/10/31 23:16:06 [Time: 617] Server: 
2023/10/31 23:16:06 [Time: 618] Server: 
2023/10/31 23:16:06 [Time: 619] Server: 
2023/10/31 23:16:06 [Time: 620] Server: 
2023/10/31 23:16:06 [Time: 621] Server: 
2023/10/31 23:16:06 [Time: 622] Server: 
2023/10/31 23:16:06 [Time: 623] Server: 
2023/10/31 23:16:06 [Time: 624] Server: 
2023/10/31 23:16:06 [Time: 625] Server: 
2023/10/31 23:16:06 [Time: 626] Server: 
2023/10/31 23:16:06 [Time: 627] Server: 
2023/10/31 23:16:06 [Time: 628] Server: 
2023/10/31 23:16:06 [Time: 629] Server: 
2023/10/31 23:16:06 [Time: 630] Server: 
2023/10/31 23:16:06 [Time: 631] Server: 
2023/10/31 23:16:06 [Time: 632] Server: 
2023/10/31 23:16:06 [Time: 633] Server: 
2023/10/31 23:16:06 [Time: 634] Server: 
2023/10/31 23:16:06 [Time: 635] Server: 
2023/10/31 23:16:06 [Time: 636] Server: 
2023/10/31 23:16:06 [Time: 637] Server: 
2023/10/31 23:16:06 [Time: 638] Server: 
2023/10/31 23:16:06 [Time: 639] Server: 
2023/10/31 23:16:06 [Time: 640] Server: 
2023/10/31 23:16:06 [Time: 641] Server: 
2023/10/31 23:16:06 [Time: 642] Server: 
2023/10/31 23:16:06 [Time: 643] Server: 
2023/10/31 23:16:06 [Time: 644] Server: 
2023/10/31 23:16:06 [Time: 645] Server: 
2023/10/31 23:16:06 [Time: 646] Server: 
2023/10/31 23:16:06 [Time: 647] Server: 
2023/10/31 23:16:06 [Time: 648] Server: 
2023/10/31 23:16:06 [Time: 649] Server: 
2023/10/31 23:16:06 [Time: 650] Server: 
2023/10/31 23:16:06 [Time: 651] Server: 
2023/10/31 23:16:06 [Time: 652] Server: 
2023/10/31 23:16:06 [Time: 653] Server: 
2023/10/31 23:16:06 [Time: 654] Server: 
2023/10/31 23:16:06 [Time: 655] Server: 
2023/10/31 23:16:06 [Time: 656] Server: 
2023/10/31 23:16:06 [Time: 657] Server: 
2023/10/31 23:16:06 [Time: 658] Server: 
2023/10/31 23:16:06 [Time: 659] Server: 
2023/10/31 23:16:06 [Time: 660] Server: 
2023/10/31 23:16:06 [Time: 661] Server: 
2023/10/31 23:16:06 [Time: 662] Server: 
2023/10/31 23:16:06 [Time: 663] Server: 
2023/10/31 23:16:06 [Time: 664] Server: 
2023/10/31 23:16:06 [Time: 665] Server: 
2023/10/31 23:16:06 [Time: 666] Server: 
2023/10/31 23:16:06 [Time: 667] Server: 
2023/10/31 23:16:06 [Time: 668] Server: 
2023/10/31 23:16:06 [Time: 669] Server: 
2023/10/31 23:16:06 [Time: 670] Server: 
2023/10/31 23:16:06 [Time: 671] Server: 
2023/10/31 23:16:06 [Time: 672] Server: 
2023/10/31 23:16:06 [Time: 673] Server: 
2023/10/31 23:16:06 [Time: 674] Server: 
2023/10/31 23:16:06 [Time: 675] Server: 
2023/10/31 23:16:06 [Time: 676] Server: 
2023/10/31 23:16:06 [Time: 677] Server: 
2023/10/31 23:16:06 [Time: 678] Server: 
2023/10/31 23:16:06 [Time: 679] Server: 
2023/10/31 23:16:06 [Time: 680] Server: 
2023/10/31 23:16:06 [Time: 681] Server: 
2023/10/31 23:16:06 [Time: 682] Server: 
2023/10/31 23:16:06 [Time: 683] Server: 
2023/10/31 23:16:06 [Time: 684] Server: 
2023/10/31 23:16:06 [Time: 685] Server: 
2023/10/31 23:16:06 [Time: 686] Server: 
2023/10/31 23:16:06 [Time: 687] Server: 
2023/10/31 23:16:06 [Time: 688] Server: 
2023/10/31 23:16:06 [Time: 689] Server: 
2023/10/31 23:16:06 [Time: 690] Server: 
2023/10/31 23:16:06 [Time: 691] Server: 
2023/10/31 23:16:07 [Time: 692] Server: 
2023/10/31 23:16:07 [Time: 693] Server: 
2023/10/31 23:16:07 [Time: 694] Server: 
2023/10/31 23:16:07 [Time: 695] Server: 
2023/10/31 23:16:07 [Time: 696] Server: 
2023/10/31 23:16:07 [Time: 697] Server: 
2023/10/31 23:16:07 [Time: 698] Server: 
2023/10/31 23:16:07 [Time: 699] Server: 
2023/10/31 23:16:07 [Time: 700] Server: 
2023/10/31 23:16:07 [Time: 701] Server: 
2023/10/31 23:16:07 [Time: 702] Server: 
2023/10/31 23:16:07 [Time: 703] Server: 
2023/10/31 23:16:07 [Time: 704] Server: 
2023/10/31 23:16:07 [Time: 705] Server: 
2023/10/31 23:16:07 [Time: 706] Server: 
2023/10/31 23:16:07 [Time: 707] Server: 
2023/10/31 23:16:07 [Time: 708] Server: 
2023/10/31 23:16:07 [Time: 709] Server: 
2023/10/31 23:16:07 [Time: 710] Server: 
2023/10/31 23:16:07 [Time: 711] Server: 
2023/10/31 23:16:07 [Time: 712] Server: 
2023/10/31 23:16:07 [Time: 713] Server: 
2023/10/31 23:16:07 [Time: 714] Server: 
2023/10/31 23:16:07 [Time: 715] Server: 
2023/10/31 23:16:07 [Time: 716] Server: 
2023/10/31 23:16:07 [Time: 717] Server: 
2023/10/31 23:16:07 [Time: 718] Server: 
2023/10/31 23:16:07 [Time: 719] Server: 
2023/10/31 23:16:07 [Time: 720] Server: 
2023/10/31 23:16:07 [Time: 721] Server: 
2023/10/31 23:16:07 [Time: 722] Server: 
2023/10/31 23:16:07 [Time: 723] Server: 
2023/10/31 23:16:07 [Time: 724] Server: 
2023/10/31 23:16:07 [Time: 725] Server: 
2023/10/31 23:16:07 [Time: 726] Server: 
2023/10/31 23:16:07 [Time: 727] Server: 
2023/10/31 23:16:07 [Time: 728] Server: 
2023/10/31 23:16:07 [Time: 729] Server: 
2023/10/31 23:16:07 [Time: 730] Server: 
2023/10/31 23:16:07 [Time: 731] Server: 
2023/10/31 23:16:07 [Time: 732] Server: 
2023/10/31 23:16:07 [Time: 733] Server: 
2023/10/31 23:16:07 [Time: 734] Server: 
2023/10/31 23:16:07 [Time: 735] Server: 
2023/10/31 23:16:07 [Time: 736] Server: 
2023/10/31 23:16:07 [Time: 737] Server: 
2023/10/31 23:16:07 [Time: 738] Server: 
2023/10/31 23:16:07 [Time: 739] Server: 
2023/10/31 23:16:07 [Time: 740] Server: 
2023/10/31 23:16:07 [Time: 741] Server: 
2023/10/31 23:16:07 [Time: 742] Server: 
2023/10/31 23:16:07 [Time: 743] Server: 
2023/10/31 23:16:07 [Time: 744] Server: 
2023/10/31 23:16:07 [Time: 745] Server: 
2023/10/31 23:16:07 [Time: 746] Server: 
2023/10/31 23:16:07 [Time: 747] Server: 
2023/10/31 23:16:07 [Time: 748] Server: 
2023/10/31 23:16:07 [Time: 749] Server: 
2023/10/31 23:16:07 [Time: 750] Server: 
2023/10/31 23:16:07 [Time: 751] Server: 
2023/10/31 23:16:07 [Time: 752] Server: 
2023/10/31 23:16:07 [Time: 753] Server: 
2023/10/31 23:16:07 [Time: 754] Server: 
2023/10/31 23:16:07 [Time: 755] Server: 
2023/10/31 23:16:07 [Time: 756] Server: 
2023/10/31 23:16:07 [Time: 757] Server: 
2023/10/31 23:16:07 [Time: 758] Server: 
2023/10/31 23:16:07 [Time: 759] Server: 
2023/10/31 23:16:07 [Time: 760] Server: 
2023/10/31 23:16:07 [Time: 761] Server: 
2023/10/31 23:16:07 [Time: 762] Server: 
2023/10/31 23:16:07 [Time: 763] Server: 
2023/10/31 23:16:07 [Time: 764] Server: 
2023/10/31 23:16:07 [Time: 765] Server: 
2023/10/31 23:16:07 [Time: 766] Server: 
2023/10/31 23:16:07 [Time: 767] Server: 
2023/10/31 23:16:07 [Time: 768] Server: 
2023/10/31 23:16:07 [Time: 769] Server: 
2023/10/31 23:16:07 [Time: 770] Server: 
2023/10/31 23:16:07 [Time: 771] Server: 
2023/10/31 23:16:07 [Time: 772] Server: 
2023/10/31 23:16:07 [Time: 773] Server: 
2023/10/31 23:16:07 [Time: 774] Server: 
2023/10/31 23:16:07 [Time: 775] Server: 
2023/10/31 23:16:07 [Time: 776] Server: 
2023/10/31 23:16:07 [Time: 777] Server: 
2023/10/31 23:16:07 [Time: 778] Server: 
2023/10/31 23:16:07 [Time: 779] Server: 
2023/10/31 23:16:07 [Time: 780] Server: 
2023/10/31 23:16:07 [Time: 781] Server: 
2023/10/31 23:16:07 [Time: 782] Server: 
2023/10/31 23:16:07 [Time: 783] Server: 
2023/10/31 23:16:07 [Time: 784] Server: 
2023/10/31 23:16:07 [Time: 785] Server: 
2023/10/31 23:16:07 [Time: 786] Server: 
2023/10/31 23:16:07 [Time: 787] Server: 
2023/10/31 23:16:07 [Time: 788] Server: 
2023/10/31 23:16:07 [Time: 789] Server: 
2023/10/31 23:16:07 [Time: 790] Server: 
2023/10/31 23:16:07 [Time: 791] Server: 
2023/10/31 23:16:07 [Time: 792] Server: 
2023/10/31 23:16:07 [Time: 793] Server: 
2023/10/31 23:16:07 [Time: 794] Server: 
2023/10/31 23:16:07 [Time: 795] Server: 
2023/10/31 23:16:07 [Time: 796] Server: 
2023/10/31 23:16:07 [Time: 797] Server: 
2023/10/31 23:16:07 [Time: 798] Server: 
2023/10/31 23:16:07 [Time: 799] Server: 
2023/10/31 23:16:07 [Time: 800] Server: 
2023/10/31 23:16:07 [Time: 801] Server: 
2023/10/31 23:16:07 [Time: 802] Server: 
2023/10/31 23:16:07 [Time: 803] Server: 
2023/10/31 23:16:07 [Time: 804] Server: 
2023/10/31 23:16:07 [Time: 805] Server: 
2023/10/31 23:16:07 [Time: 806] Server: 
2023/10/31 23:16:07 [Time: 807] Server: 
2023/10/31 23:16:07 [Time: 808] Server: 
2023/10/31 23:16:07 [Time: 809] Server: 
2023/10/31 23:16:07 [Time: 810] Server: 
2023/10/31 23:16:07 [Time: 811] Server: 
2023/10/31 23:16:07 [Time: 812] Server: 
2023/10/31 23:16:07 [Time: 813] Server: 
2023/10/31 23:16:07 [Time: 814] Server: 
2023/10/31 23:16:07 [Time: 815] Server: 
2023/10/31 23:16:07 [Time: 816] Server: 
2023/10/31 23:16:07 [Time: 817] Server: 
2023/10/31 23:16:07 [Time: 818] Server: 
2023/10/31 23:16:07 [Time: 819] Server: 
2023/10/31 23:16:07 [Time: 820] Server: 
2023/10/31 23:16:07 [Time: 821] Server: 
2023/10/31 23:16:07 [Time: 822] Server: 
2023/10/31 23:16:07 [Time: 823] Server: 
2023/10/31 23:16:07 [Time: 824] Server: 
2023/10/31 23:16:07 [Time: 825] Server: 
2023/10/31 23:16:07 [Time: 826] Server: 
2023/10/31 23:16:07 [Time: 827] Server: 
2023/10/31 23:16:07 [Time: 828] Server: 
2023/10/31 23:16:07 [Time: 829] Server: 
2023/10/31 23:16:07 [Time: 830] Server: 
2023/10/31 23:16:07 [Time: 831] Server: 
2023/10/31 23:16:07 [Time: 832] Server: 
2023/10/31 23:16:07 [Time: 833] Server: 
2023/10/31 23:16:07 [Time: 834] Server: 
2023/10/31 23:16:07 [Time: 835] Server: 
2023/10/31 23:16:07 [Time: 836] Server: 
2023/10/31 23:16:07 [Time: 837] Server: 
2023/10/31 23:16:07 [Time: 838] Server: 
2023/10/31 23:16:07 [Time: 839] Server: 
2023/10/31 23:16:07 [Time: 840] Server: 
2023/10/31 23:16:07 [Time: 841] Server: 
2023/10/31 23:16:07 [Time: 842] Server: 
2023/10/31 23:16:07 [Time: 843] Server: 
2023/10/31 23:16:07 [Time: 844] Server: 
2023/10/31 23:16:07 [Time: 845] Server: 
2023/10/31 23:16:07 [Time: 846] Server: 
2023/10/31 23:16:07 [Time: 847] Server: 
2023/10/31 23:16:07 [Time: 848] Server: 
2023/10/31 23:16:07 [Time: 849] Server: 
2023/10/31 23:16:07 [Time: 850] Server: 
2023/10/31 23:16:07 [Time: 851] Server: 
2023/10/31 23:16:07 [Time: 852] Server: 
2023/10/31 23:16:07 [Time: 853] Server: 
2023/10/31 23:16:07 [Time: 854] Server: 
2023/10/31 23:16:07 [Time: 855] Server: 
2023/10/31 23:16:07 [Time: 856] Server: 
2023/10/31 23:16:07 [Time: 857] Server: 
2023/10/31 23:16:07 [Time: 858] Server: 
2023/10/31 23:16:07 [Time: 859] Server: 
2023/10/31 23:16:07 [Time: 860] Server: 
2023/10/31 23:16:07 [Time: 861] Server: 
2023/10/31 23:16:07 [Time: 862] Server: 
2023/10/31 23:16:07 [Time: 863] Server: 
2023/10/31 23:16:07 [Time: 864] Server: 
2023/10/31 23:16:07 [Time: 865] Server: 
2023/10/31 23:16:07 [Time: 866] Server: 
2023/10/31 23:16:07 [Time: 867] Server: 
2023/10/31 23:16:07 [Time: 868] Server: 
2023/10/31 23:16:07 [Time: 869] Server: 
2023/10/31 23:16:07 [Time: 870] Server: 
2023/10/31 23:16:07 [Time: 871] Server: 
2023/10/31 23:16:07 [Time: 872] Server: 
2023/10/31 23:16:07 [Time: 873] Server: 
2023/10/31 23:16:07 [Time: 874] Server: 
2023/10/31 23:16:07 [Time: 875] Server: 
2023/10/31 23:16:07 [Time: 876] Server: 
2023/10/31 23:16:07 [Time: 877] Server: 
2023/10/31 23:16:07 [Time: 878] Server: 
2023/10/31 23:16:07 [Time: 879] Server: 
2023/10/31 23:16:07 [Time: 880] Server: 
2023/10/31 23:16:07 [Time: 881] Server: 
2023/10/31 23:16:07 [Time: 882] Server: 
2023/10/31 23:16:07 [Time: 883] Server: 
2023/10/31 23:16:07 [Time: 884] Server: 
2023/10/31 23:16:07 [Time: 885] Server: 
2023/10/31 23:16:07 [Time: 886] Server: 
2023/10/31 23:16:07 [Time: 887] Server: 
2023/10/31 23:16:07 [Time: 888] Server: 
2023/10/31 23:16:07 [Time: 889] Server: 
2023/10/31 23:16:07 [Time: 890] Server: 
2023/10/31 23:16:07 [Time: 891] Server: 
2023/10/31 23:16:07 [Time: 892] Server: 
2023/10/31 23:16:07 [Time: 893] Server: 
2023/10/31 23:16:07 [Time: 894] Server: 
2023/10/31 23:16:07 [Time: 895] Server: 
2023/10/31 23:16:07 [Time: 896] Server: 
2023/10/31 23:16:07 [Time: 897] Server: 
2023/10/31 23:16:07 [Time: 898] Server: 
2023/10/31 23:16:07 [Time: 899] Server: 
2023/10/31 23:16:07 [Time: 900] Server: 
2023/10/31 23:16:07 [Time: 901] Server: 
2023/10/31 23:16:07 [Time: 902] Server: 
2023/10/31 23:16:07 [Time: 903] Server: 
2023/10/31 23:16:07 [Time: 904] Server: 
2023/10/31 23:16:07 [Time: 905] Server: 
2023/10/31 23:16:07 [Time: 906] Server: 
2023/10/31 23:16:07 [Time: 907] Server: 
2023/10/31 23:16:07 [Time: 908] Server: 
2023/10/31 23:16:07 [Time: 909] Server: 
2023/10/31 23:16:07 [Time: 910] Server: 
2023/10/31 23:16:07 [Time: 911] Server: 
2023/10/31 23:16:07 [Time: 912] Server: 
2023/10/31 23:16:07 [Time: 913] Server: 
2023/10/31 23:16:07 [Time: 914] Server: 
2023/10/31 23:16:07 [Time: 915] Server: 
2023/10/31 23:16:07 [Time: 916] Server: 
2023/10/31 23:16:07 [Time: 917] Server: 
2023/10/31 23:16:07 [Time: 918] Server: 
2023/10/31 23:16:07 [Time: 919] Server: 
2023/10/31 23:16:07 [Time: 920] Server: 
2023/10/31 23:16:07 [Time: 921] Server: 
2023/10/31 23:16:07 [Time: 922] Server: 
2023/10/31 23:16:07 [Time: 923] Server: 
2023/10/31 23:16:07 [Time: 924] Server: 
2023/10/31 23:16:07 [Time: 925] Server: 
2023/10/31 23:16:07 [Time: 926] Server: 
2023/10/31 23:16:07 [Time: 927] Server: 
2023/10/31 23:16:07 [Time: 928] Server: 
2023/10/31 23:16:07 [Time: 929] Server: 
2023/10/31 23:16:07 [Time: 930] Server: 
2023/10/31 23:16:07 [Time: 931] Server: 
2023/10/31 23:16:07 [Time: 932] Server: 
2023/10/31 23:16:07 [Time: 933] Server: 
2023/10/31 23:16:07 [Time: 934] Server: 
2023/10/31 23:16:08 [Time: 935] Server: 
2023/10/31 23:16:08 [Time: 936] Server: 
2023/10/31 23:16:08 [Time: 937] Server: 
2023/10/31 23:16:08 [Time: 938] Server: 
2023/10/31 23:16:08 [Time: 939] Server: 
2023/10/31 23:16:08 [Time: 940] Server: 
2023/10/31 23:16:08 [Time: 941] Server: 
2023/10/31 23:16:08 [Time: 942] Server: 
2023/10/31 23:16:08 [Time: 943] Server: 
2023/10/31 23:16:08 [Time: 944] Server: 
2023/10/31 23:16:08 [Time: 945] Server: 
2023/10/31 23:16:08 [Time: 946] Server: 
2023/10/31 23:16:08 [Time: 947] Server: 
2023/10/31 23:16:08 [Time: 948] Server: 
2023/10/31 23:16:08 [Time: 949] Server: 
2023/10/31 23:16:08 [Time: 950] Server: 
2023/10/31 23:16:08 [Time: 951] Server: 
2023/10/31 23:16:08 [Time: 952] Server: 
2023/10/31 23:16:08 [Time: 953] Server: 
2023/10/31 23:16:08 [Time: 954] Server: 
2023/10/31 23:16:08 [Time: 955] Server: 
2023/10/31 23:16:08 [Time: 956] Server: 
2023/10/31 23:16:08 [Time: 957] Server: 
2023/10/31 23:16:08 [Time: 958] Server: 
2023/10/31 23:16:08 [Time: 959] Server: 
2023/10/31 23:16:08 [Time: 960] Server: 
2023/10/31 23:16:08 [Time: 961] Server: 
2023/10/31 23:16:08 [Time: 962] Server: 
2023/10/31 23:16:08 [Time: 963] Server: 
2023/10/31 23:16:08 [Time: 964] Server: 
2023/10/31 23:16:08 [Time: 965] Server: 
2023/10/31 23:16:08 [Time: 966] Server: 
2023/10/31 23:16:08 [Time: 967] Server: 
2023/10/31 23:16:08 [Time: 968] Server: 
2023/10/31 23:16:08 [Time: 969] Server: 
2023/10/31 23:16:08 [Time: 970] Server: 
2023/10/31 23:16:08 [Time: 971] Server: 
2023/10/31 23:16:08 [Time: 972] Server: 
2023/10/31 23:16:08 [Time: 973] Server: 
2023/10/31 23:16:08 [Time: 974] Server: 
2023/10/31 23:16:08 [Time: 975] Server: 
2023/10/31 23:16:08 [Time: 976] Server: 
2023/10/31 23:16:08 [Time: 977] Server: 
2023/10/31 23:16:08 [Time: 978] Server: 
2023/10/31 23:16:08 [Time: 979] Server: 
2023/10/31 23:16:08 [Time: 980] Server: 
2023/10/31 23:16:08 [Time: 981] Server: 
2023/10/31 23:16:08 [Time: 982] Server: 
2023/10/31 23:16:08 [Time: 983] Server: 
2023/10/31 23:16:08 [Time: 984] Server: 
2023/10/31 23:16:08 [Time: 985] Server: 
2023/10/31 23:16:08 [Time: 986] Server: 
2023/10/31 23:16:08 [Time: 987] Server: 
2023/10/31 23:16:08 [Time: 988] Server: 
2023/10/31 23:16:08 [Time: 989] Server: 
2023/10/31 23:16:08 [Time: 990] Server: 
2023/10/31 23:16:08 [Time: 991] Server: 
2023/10/31 23:16:08 [Time: 992] Server: 
2023/10/31 23:16:08 [Time: 993] Server: 
2023/10/31 23:16:08 [Time: 994] Server: 
2023/10/31 23:16:08 [Time: 995] Server: 
2023/10/31 23:16:08 [Time: 996] Server: 
2023/10/31 23:16:08 [Time: 997] Server: 
2023/10/31 23:16:08 [Time: 998] Server: 
2023/10/31 23:16:08 [Time: 999] Server: 
2023/10/31 23:16:08 [Time: 1000] Server: 
2023/10/31 23:16:08 [Time: 1001] Server: 
2023/10/31 23:16:08 [Time: 1002] Server: 
2023/10/31 23:16:08 [Time: 1003] Server: 
2023/10/31 23:16:08 [Time: 1004] Server: 
2023/10/31 23:16:08 [Time: 1005] Server: 
2023/10/31 23:16:08 [Time: 1006] Server: 
2023/10/31 23:16:08 [Time: 1007] Server: 
2023/10/31 23:16:08 [Time: 1008] Server: 
2023/10/31 23:16:08 [Time: 1009] Server: 
2023/10/31 23:16:08 [Time: 1010] Server: 
2023/10/31 23:16:08 [Time: 1011] Server: 
2023/10/31 23:16:08 [Time: 1012] Server: 
2023/10/31 23:16:08 [Time: 1013] Server: 
2023/10/31 23:16:08 [Time: 1014] Server: 
2023/10/31 23:16:08 [Time: 1015] Server: 
2023/10/31 23:16:08 [Time: 1016] Server: 
2023/10/31 23:16:08 [Time: 1017] Server: 
2023/10/31 23:16:08 [Time: 1018] Server: 
2023/10/31 23:16:08 [Time: 1019] Server: 
2023/10/31 23:16:08 [Time: 1020] Server: 
2023/10/31 23:16:08 [Time: 1021] Server: 
2023/10/31 23:16:08 [Time: 1022] Server: 
2023/10/31 23:16:08 [Time: 1023] Server: 
2023/10/31 23:16:08 [Time: 1024] Server: 
2023/10/31 23:16:08 [Time: 1025] Server: 
2023/10/31 23:16:08 [Time: 1026] Server: 
2023/10/31 23:16:08 [Time: 1027] Server: 
2023/10/31 23:16:08 [Time: 1028] Server: 
2023/10/31 23:16:08 [Time: 1029] Server: 
2023/10/31 23:16:08 [Time: 1030] Server: 
2023/10/31 23:16:08 [Time: 1031] Server: 
2023/10/31 23:16:08 [Time: 1032] Server: 
2023/10/31 23:16:08 [Time: 1033] Server: 
2023/10/31 23:16:08 [Time: 1034] Server: 
2023/10/31 23:16:08 [Time: 1035] Server: 
2023/10/31 23:16:08 [Time: 1036] Server: 
2023/10/31 23:16:08 [Time: 1037] Server: 
2023/10/31 23:16:08 [Time: 1038] Server: 
2023/10/31 23:16:08 [Time: 1039] Server: 
2023/10/31 23:16:08 [Time: 1040] Server: 
2023/10/31 23:16:08 [Time: 1041] Server: 
2023/10/31 23:16:08 [Time: 1042] Server: 
2023/10/31 23:16:08 [Time: 1043] Server: 
2023/10/31 23:16:08 [Time: 1044] Server: 
2023/10/31 23:16:08 [Time: 1045] Server: 
2023/10/31 23:16:08 [Time: 1046] Server: 
2023/10/31 23:16:08 [Time: 1047] Server: 
2023/10/31 23:16:08 [Time: 1048] Server: 
2023/10/31 23:16:08 [Time: 1049] Server: 
2023/10/31 23:16:08 [Time: 1050] Server: 
2023/10/31 23:16:08 [Time: 1051] Server: 
2023/10/31 23:16:08 [Time: 1052] Server: 
2023/10/31 23:16:08 [Time: 1053] Server: 
2023/10/31 23:16:08 [Time: 1054] Server: 
2023/10/31 23:16:08 [Time: 1055] Server: 
2023/10/31 23:16:08 [Time: 1056] Server: 
2023/10/31 23:16:08 [Time: 1057] Server: 
2023/10/31 23:16:08 [Time: 1058] Server: 
2023/10/31 23:16:08 [Time: 1059] Server: 
2023/10/31 23:16:08 [Time: 1060] Server: 
2023/10/31 23:16:08 [Time: 1061] Server: 
2023/10/31 23:16:08 [Time: 1062] Server: 
2023/10/31 23:16:08 [Time: 1063] Server: 
2023/10/31 23:16:08 [Time: 1064] Server: 
2023/10/31 23:16:08 [Time: 1065] Server: 
2023/10/31 23:16:08 [Time: 1066] Server: 
2023/10/31 23:16:08 [Time: 1067] Server: 
2023/10/31 23:16:08 [Time: 1068] Server: 
2023/10/31 23:16:08 [Time: 1069] Server: 
2023/10/31 23:16:08 [Time: 1070] Server: 
2023/10/31 23:16:08 [Time: 1071] Server: 
2023/10/31 23:16:08 [Time: 1072] Server: 
2023/10/31 23:16:08 [Time: 1073] Server: 
2023/10/31 23:16:08 [Time: 1074] Server: 
2023/10/31 23:16:08 [Time: 1075] Server: 
2023/10/31 23:16:08 [Time: 1076] Server: 
2023/10/31 23:16:08 [Time: 1077] Server: 
2023/10/31 23:16:08 [Time: 1078] Server: 
2023/10/31 23:16:08 [Time: 1079] Server: 
2023/10/31 23:16:08 [Time: 1080] Server: 
2023/10/31 23:16:08 [Time: 1081] Server: 
2023/10/31 23:16:08 [Time: 1082] Server: 
2023/10/31 23:16:08 [Time: 1083] Server: 
2023/10/31 23:16:08 [Time: 1084] Server: 
2023/10/31 23:16:08 [Time: 1085] Server: 
2023/10/31 23:16:08 [Time: 1086] Server: 
2023/10/31 23:16:08 [Time: 1087] Server: 
2023/10/31 23:16:08 [Time: 1088] Server: 
2023/10/31 23:16:08 [Time: 1089] Server: 
2023/10/31 23:16:08 [Time: 1090] Server: 
2023/10/31 23:16:08 [Time: 1091] Server: 
2023/10/31 23:16:08 [Time: 1092] Server: 
2023/10/31 23:16:08 [Time: 1093] Server: 
2023/10/31 23:16:08 [Time: 1094] Server: 
2023/10/31 23:16:08 [Time: 1095] Server: 
2023/10/31 23:16:08 [Time: 1096] Server: 
2023/10/31 23:16:08 [Time: 1097] Server: 
2023/10/31 23:16:08 [Time: 1098] Server: 
2023/10/31 23:16:08 [Time: 1099] Server: 
2023/10/31 23:16:08 [Time: 1100] Server: 
2023/10/31 23:16:08 [Time: 1101] Server: 
2023/10/31 23:16:08 [Time: 1102] Server: 
2023/10/31 23:16:08 [Time: 1103] Server: 
2023/10/31 23:16:08 [Time: 1104] Server: 
2023/10/31 23:16:08 [Time: 1105] Server: 
2023/10/31 23:16:08 [Time: 1106] Server: 
2023/10/31 23:16:08 [Time: 1107] Server: 
2023/10/31 23:16:08 [Time: 1108] Server: 
2023/10/31 23:16:08 [Time: 1109] Server: 
2023/10/31 23:16:08 [Time: 1110] Server: 
2023/10/31 23:16:08 [Time: 1111] Server: 
2023/10/31 23:16:08 [Time: 1112] Server: 
2023/10/31 23:16:08 [Time: 1113] Server: 
2023/10/31 23:16:08 [Time: 1114] Server: 
2023/10/31 23:16:08 [Time: 1115] Server: 
2023/10/31 23:16:08 [Time: 1116] Server: 
2023/10/31 23:16:08 [Time: 1117] Server: 
2023/10/31 23:16:08 [Time: 1118] Server: 
2023/10/31 23:16:08 [Time: 1119] Server: 
2023/10/31 23:16:08 [Time: 1120] Server: 
2023/10/31 23:16:08 [Time: 1121] Server: 
2023/10/31 23:16:08 [Time: 1122] Server: 
2023/10/31 23:16:08 [Time: 1123] Server: 
2023/10/31 23:16:08 [Time: 1124] Server: 
2023/10/31 23:16:08 [Time: 1125] Server: 
2023/10/31 23:16:08 [Time: 1126] Server: 
2023/10/31 23:16:08 [Time: 1127] Server: 
2023/10/31 23:16:08 [Time: 1128] Server: 
2023/10/31 23:16:08 [Time: 1129] Server: 
2023/10/31 23:16:08 [Time: 1130] Server: 
2023/10/31 23:16:08 [Time: 1131] Server: 
2023/10/31 23:16:09 [Time: 1132] Server: 
2023/10/31 23:16:09 [Time: 1133] Server: 
2023/10/31 23:16:09 [Time: 1134] Server: 
2023/10/31 23:16:09 [Time: 1135] Server: 
2023/10/31 23:16:09 [Time: 1136] Server: 
2023/10/31 23:16:09 [Time: 1137] Server: 
2023/10/31 23:16:09 [Time: 1138] Server: 
2023/10/31 23:16:09 [Time: 1139] Server: 
2023/10/31 23:16:09 [Time: 1140] Server: 
2023/10/31 23:16:09 [Time: 1141] Server: 
2023/10/31 23:16:09 [Time: 1142] Server: 
2023/10/31 23:16:09 [Time: 1143] Server: 
2023/10/31 23:16:09 [Time: 1144] Server: 
2023/10/31 23:16:09 [Time: 1145] Server: 
2023/10/31 23:16:09 [Time: 1146] Server: 
2023/10/31 23:16:09 [Time: 1147] Server: 
2023/10/31 23:16:09 [Time: 1148] Server: 
2023/10/31 23:16:09 [Time: 1149] Server: 
2023/10/31 23:16:09 [Time: 1150] Server: 
2023/10/31 23:16:09 [Time: 1151] Server: 
2023/10/31 23:16:09 [Time: 1152] Server: 
2023/10/31 23:16:09 [Time: 1153] Server: 
2023/10/31 23:16:09 [Time: 1154] Server: 
2023/10/31 23:16:09 [Time: 1155] Server: 
2023/10/31 23:16:09 [Time: 1156] Server: 
2023/10/31 23:16:09 [Time: 1157] Server: 
2023/10/31 23:16:09 [Time: 1158] Server: 
2023/10/31 23:16:09 [Time: 1159] Server: 
2023/10/31 23:16:09 [Time: 1160] Server: 
2023/10/31 23:16:09 [Time: 1161] Server: 
2023/10/31 23:16:09 [Time: 1162] Server: 
2023/10/31 23:16:09 [Time: 1163] Server: 
2023/10/31 23:16:09 [Time: 1164] Server: 
2023/10/31 23:16:09 [Time: 1165] Server: 
2023/10/31 23:16:09 [Time: 1166] Server: 
2023/10/31 23:16:09 [Time: 1167] Server: 
2023/10/31 23:16:09 [Time: 1168] Server: 
2023/10/31 23:16:09 [Time: 1169] Server: 
2023/10/31 23:16:09 [Time: 1170] Server: 
2023/10/31 23:16:09 [Time: 1171] Server: 
2023/10/31 23:16:09 [Time: 1172] Server: 
2023/10/31 23:16:09 [Time: 1173] Server: 
2023/10/31 23:16:09 [Time: 1174] Server: 
2023/10/31 23:16:09 [Time: 1175] Server: 
2023/10/31 23:16:09 [Time: 1176] Server: 
2023/10/31 23:16:09 [Time: 1177] Server: 
2023/10/31 23:16:09 [Time: 1178] Server: 
2023/10/31 23:16:09 [Time: 1179] Server: 
2023/10/31 23:16:09 [Time: 1180] Server: 
2023/10/31 23:16:09 [Time: 1181] Server: 
2023/10/31 23:16:09 [Time: 1182] Server: 
2023/10/31 23:16:09 [Time: 1183] Server: 
2023/10/31 23:16:09 [Time: 1184] Server: 
2023/10/31 23:16:09 [Time: 1185] Server: 
2023/10/31 23:16:09 [Time: 1186] Server: 
2023/10/31 23:16:09 [Time: 1187] Server: 
2023/10/31 23:16:09 [Time: 1188] Server: 
2023/10/31 23:16:09 [Time: 1189] Server: 
2023/10/31 23:16:09 [Time: 1190] Server: 
2023/10/31 23:16:09 [Time: 1191] Server: 
2023/10/31 23:16:09 [Time: 1192] Server: 
2023/10/31 23:16:09 [Time: 1193] Server: 
2023/10/31 23:16:09 [Time: 1194] Server: 
2023/10/31 23:16:09 [Time: 1195] Server: 
2023/10/31 23:16:09 [Time: 1196] Server: 
2023/10/31 23:16:09 [Time: 1197] Server: 
2023/10/31 23:16:09 [Time: 1198] Server: 
2023/10/31 23:16:09 [Time: 1199] Server: 
2023/10/31 23:16:09 [Time: 1200] Server: 
2023/10/31 23:16:09 [Time: 1201] Server: 
2023/10/31 23:16:09 [Time: 1202] Server: 
2023/10/31 23:16:09 [Time: 1203] Server: 
2023/10/31 23:16:09 [Time: 1204] Server: 
2023/10/31 23:16:09 [Time: 1205] Server: 
2023/10/31 23:16:09 [Time: 1206] Server: 
2023/10/31 23:16:09 [Time: 1207] Server: 
2023/10/31 23:16:09 [Time: 1208] Server: 
2023/10/31 23:16:09 [Time: 1209] Server: 
2023/10/31 23:16:09 [Time: 1210] Server: 
2023/10/31 23:16:09 [Time: 1211] Server: 
2023/10/31 23:16:09 [Time: 1212] Server: 
2023/10/31 23:16:09 [Time: 1213] Server: 
2023/10/31 23:16:09 [Time: 1214] Server: 
2023/10/31 23:16:09 [Time: 1215] Server: 
2023/10/31 23:16:09 [Time: 1216] Server: 
2023/10/31 23:16:09 [Time: 1217] Server: 
2023/10/31 23:16:09 [Time: 1218] Server: 
2023/10/31 23:16:09 [Time: 1219] Server: 
2023/10/31 23:16:09 [Time: 1220] Server: 
2023/10/31 23:16:09 [Time: 1221] Server: 
2023/10/31 23:16:09 [Time: 1222] Server: 
2023/10/31 23:16:09 [Time: 1223] Server: 
2023/10/31 23:16:09 [Time: 1224] Server: 
2023/10/31 23:16:09 [Time: 1225] Server: 
2023/10/31 23:16:09 [Time: 1226] Server: 
2023/10/31 23:16:09 [Time: 1227] Server: 
2023/10/31 23:16:09 [Time: 1228] Server: 
2023/10/31 23:16:09 [Time: 1229] Server: 
2023/10/31 23:16:09 [Time: 1230] Server: 
2023/10/31 23:16:09 [Time: 1231] Server: 
2023/10/31 23:16:09 [Time: 1232] Server: 
2023/10/31 23:16:09 [Time: 1233] Server: 
2023/10/31 23:16:09 [Time: 1234] Server: 
2023/10/31 23:16:09 [Time: 1235] Server: 
2023/10/31 23:16:09 [Time: 1236] Server: 
2023/10/31 23:16:09 [Time: 1237] Server: 
2023/10/31 23:16:09 [Time: 1238] Server: 
2023/10/31 23:16:09 [Time: 1239] Server: 
2023/10/31 23:16:09 [Time: 1240] Server: 
2023/10/31 23:16:09 [Time: 1241] Server: 
2023/10/31 23:16:09 [Time: 1242] Server: 
2023/10/31 23:16:09 [Time: 1243] Server: 
2023/10/31 23:16:09 [Time: 1244] Server: 
2023/10/31 23:16:09 [Time: 1245] Server: 
2023/10/31 23:16:09 [Time: 1246] Server: 
2023/10/31 23:16:09 [Time: 1247] Server: 
2023/10/31 23:16:09 [Time: 1248] Server: 
2023/10/31 23:16:09 [Time: 1249] Server: 
2023/10/31 23:16:09 [Time: 1250] Server: 
2023/10/31 23:16:09 [Time: 1251] Server: 
2023/10/31 23:16:09 [Time: 1252] Server: 
2023/10/31 23:16:09 [Time: 1253] Server: 
2023/10/31 23:16:09 [Time: 1254] Server: 
2023/10/31 23:16:09 [Time: 1255] Server: 
2023/10/31 23:16:09 [Time: 1256] Server: 
2023/10/31 23:16:09 [Time: 1257] Server: 
2023/10/31 23:16:09 [Time: 1258] Server: 
2023/10/31 23:16:09 [Time: 1259] Server: 
2023/10/31 23:16:09 [Time: 1260] Server: 
2023/10/31 23:16:09 [Time: 1261] Server: 
2023/10/31 23:16:09 [Time: 1262] Server: 
2023/10/31 23:16:09 [Time: 1263] Server: 
2023/10/31 23:16:09 [Time: 1264] Server: 
2023/10/31 23:16:09 [Time: 1265] Server: 
2023/10/31 23:16:09 [Time: 1266] Server: 
2023/10/31 23:16:09 [Time: 1267] Server: 
2023/10/31 23:16:09 [Time: 1268] Server: 
2023/10/31 23:16:09 [Time: 1269] Server: 
2023/10/31 23:16:09 [Time: 1270] Server: 
2023/10/31 23:16:09 [Time: 1271] Server: 
2023/10/31 23:16:09 [Time: 1272] Server: 
2023/10/31 23:16:09 [Time: 1273] Server: 
2023/10/31 23:16:09 [Time: 1274] Server: 
2023/10/31 23:16:09 [Time: 1275] Server: 
2023/10/31 23:16:09 [Time: 1276] Server: 
2023/10/31 23:16:09 [Time: 1277] Server: 
2023/10/31 23:16:09 [Time: 1278] Server: 
2023/10/31 23:16:09 [Time: 1279] Server: 
2023/10/31 23:16:09 [Time: 1280] Server: 
2023/10/31 23:16:09 [Time: 1281] Server: 
2023/10/31 23:16:09 [Time: 1282] Server: 
2023/10/31 23:16:09 [Time: 1283] Server: 
2023/10/31 23:16:09 [Time: 1284] Server: 
2023/10/31 23:16:09 [Time: 1285] Server: 
2023/10/31 23:16:09 [Time: 1286] Server: 
2023/10/31 23:16:09 [Time: 1287] Server: 
2023/10/31 23:16:09 [Time: 1288] Server: 
2023/10/31 23:16:09 [Time: 1289] Server: 
2023/10/31 23:16:09 [Time: 1290] Server: 
2023/10/31 23:16:09 [Time: 1291] Server: 
2023/10/31 23:16:09 [Time: 1292] Server: 
2023/10/31 23:16:09 [Time: 1293] Server: 
2023/10/31 23:16:09 [Time: 1294] Server: 
2023/10/31 23:16:09 [Time: 1295] Server: 
2023/10/31 23:16:09 [Time: 1296] Server: 
2023/10/31 23:16:09 [Time: 1297] Server: 
2023/10/31 23:16:09 [Time: 1298] Server: 
2023/10/31 23:16:09 [Time: 1299] Server: 
2023/10/31 23:16:09 [Time: 1300] Server: 
2023/10/31 23:16:09 [Time: 1301] Server: 
2023/10/31 23:16:09 [Time: 1302] Server: 
2023/10/31 23:16:09 [Time: 1303] Server: 
2023/10/31 23:16:09 [Time: 1304] Server: 
2023/10/31 23:16:09 [Time: 1305] Server: 
2023/10/31 23:16:09 [Time: 1306] Server: 
2023/10/31 23:16:09 [Time: 1307] Server: 
2023/10/31 23:16:09 [Time: 1308] Server: 
2023/10/31 23:16:09 [Time: 1309] Server: 
2023/10/31 23:16:09 [Time: 1310] Server: 
2023/10/31 23:16:09 [Time: 1311] Server: 
2023/10/31 23:16:09 [Time: 1312] Server: 
2023/10/31 23:16:09 [Time: 1313] Server: 
2023/10/31 23:16:09 [Time: 1314] Server: 
2023/10/31 23:16:09 [Time: 1315] Server: 
2023/10/31 23:16:09 [Time: 1316] Server: 
2023/10/31 23:16:09 [Time: 1317] Server: 
2023/10/31 23:16:09 [Time: 1318] Server: 
2023/10/31 23:16:09 [Time: 1319] Server: 
2023/10/31 23:16:09 [Time: 1320] Server: 
2023/10/31 23:16:09 [Time: 1321] Server: 
2023/10/31 23:16:09 [Time: 1322] Server: 
2023/10/31 23:16:09 [Time: 1323] Server: 
2023/10/31 23:16:09 [Time: 1324] Server: 
2023/10/31 23:16:10 [Time: 1325] Server: 
2023/10/31 23:16:10 [Time: 1326] Server: 
2023/10/31 23:16:10 [Time: 1327] Server: 
2023/10/31 23:16:10 [Time: 1328] Server: 
2023/10/31 23:16:10 [Time: 1329] Server: 
2023/10/31 23:16:10 [Time: 1330] Server: 
2023/10/31 23:16:10 [Time: 1331] Server: 
2023/10/31 23:16:10 [Time: 1332] Server: 
2023/10/31 23:16:10 [Time: 1333] Server: 
2023/10/31 23:16:10 [Time: 1334] Server: 
2023/10/31 23:16:10 [Time: 1335] Server: 
2023/10/31 23:16:10 [Time: 1336] Server: 
2023/10/31 23:16:10 [Time: 1337] Server: 
2023/10/31 23:16:10 [Time: 1338] Server: 
2023/10/31 23:16:10 [Time: 1339] Server: 
2023/10/31 23:16:10 [Time: 1340] Server: 
2023/10/31 23:16:10 [Time: 1341] Server: 
2023/10/31 23:16:10 [Time: 1342] Server: 
2023/10/31 23:16:10 [Time: 1343] Server: 
2023/10/31 23:16:10 [Time: 1344] Server: 
2023/10/31 23:16:10 [Time: 1345] Server: 
2023/10/31 23:16:10 [Time: 1346] Server: 
2023/10/31 23:16:10 [Time: 1347] Server: 
2023/10/31 23:16:10 [Time: 1348] Server: 
2023/10/31 23:16:10 [Time: 1349] Server: 
2023/10/31 23:16:10 [Time: 1350] Server: 
2023/10/31 23:16:10 [Time: 1351] Server: 
2023/10/31 23:16:10 [Time: 1352] Server: 
2023/10/31 23:16:10 [Time: 1353] Server: 
2023/10/31 23:16:10 [Time: 1354] Server: 
2023/10/31 23:16:10 [Time: 1355] Server: 
2023/10/31 23:16:10 [Time: 1356] Server: 
2023/10/31 23:16:10 [Time: 1357] Server: 
2023/10/31 23:16:10 [Time: 1358] Server: 
2023/10/31 23:16:10 [Time: 1359] Server: 
2023/10/31 23:16:10 [Time: 1360] Server: 
2023/10/31 23:16:10 [Time: 1361] Server: 
2023/10/31 23:16:10 [Time: 1362] Server: 
2023/10/31 23:16:10 [Time: 1363] Server: 
2023/10/31 23:16:10 [Time: 1364] Server: 
2023/10/31 23:16:10 [Time: 1365] Server: 
2023/10/31 23:16:10 [Time: 1366] Server: 
2023/10/31 23:16:10 [Time: 1367] Server: 
2023/10/31 23:16:10 [Time: 1368] Server: 
2023/10/31 23:16:10 [Time: 1369] Server: 
2023/10/31 23:16:10 [Time: 1370] Server: 
2023/10/31 23:16:10 [Time: 1371] Server: 
2023/10/31 23:16:10 [Time: 1372] Server: 
2023/10/31 23:16:10 [Time: 1373] Server: 
2023/10/31 23:16:10 [Time: 1374] Server: 
2023/10/31 23:16:10 [Time: 1375] Server: 
2023/10/31 23:16:10 [Time: 1376] Server: 
2023/10/31 23:16:10 [Time: 1377] Server: 
2023/10/31 23:16:10 [Time: 1378] Server: 
2023/10/31 23:16:10 [Time: 1379] Server: 
2023/10/31 23:16:10 [Time: 1380] Server: 
2023/10/31 23:16:10 [Time: 1381] Server: 
2023/10/31 23:16:10 [Time: 1382] Server: 
2023/10/31 23:16:10 [Time: 1383] Server: 
2023/10/31 23:16:10 [Time: 1384] Server: 
2023/10/31 23:16:10 [Time: 1385] Server: 
2023/10/31 23:16:10 [Time: 1386] Server: 
2023/10/31 23:16:10 [Time: 1387] Server: 
2023/10/31 23:16:10 [Time: 1388] Server: 
2023/10/31 23:16:10 [Time: 1389] Server: 
2023/10/31 23:16:10 [Time: 1390] Server: 
2023/10/31 23:16:10 [Time: 1391] Server: 
2023/10/31 23:16:10 [Time: 1392] Server: 
2023/10/31 23:16:10 [Time: 1393] Server: 
2023/10/31 23:16:10 [Time: 1394] Server: 
2023/10/31 23:16:10 [Time: 1395] Server: 
2023/10/31 23:16:10 [Time: 1396] Server: 
2023/10/31 23:16:10 [Time: 1397] Server: 
2023/10/31 23:16:10 [Time: 1398] Server: 
2023/10/31 23:16:10 [Time: 1399] Server: 
2023/10/31 23:16:10 [Time: 1400] Server: 
2023/10/31 23:16:10 [Time: 1401] Server: 
2023/10/31 23:16:10 [Time: 1402] Server: 
2023/10/31 23:16:10 [Time: 1403] Server: 
2023/10/31 23:16:10 [Time: 1404] Server: 
2023/10/31 23:16:10 [Time: 1405] Server: 
2023/10/31 23:16:10 [Time: 1406] Server: 
2023/10/31 23:16:10 [Time: 1407] Server: 
2023/10/31 23:16:10 [Time: 1408] Server: 
2023/10/31 23:16:10 [Time: 1409] Server: 
2023/10/31 23:16:10 [Time: 1410] Server: 
2023/10/31 23:16:10 [Time: 1411] Server: 
2023/10/31 23:16:10 [Time: 1412] Server: 
2023/10/31 23:16:10 [Time: 1413] Server: 
2023/10/31 23:16:10 [Time: 1414] Server: 
2023/10/31 23:16:10 [Time: 1415] Server: 
2023/10/31 23:16:10 [Time: 1416] Server: 
2023/10/31 23:16:10 [Time: 1417] Server: 
2023/10/31 23:16:10 [Time: 1418] Server: 
2023/10/31 23:16:10 [Time: 1419] Server: 
2023/10/31 23:16:10 [Time: 1420] Server: 
2023/10/31 23:16:10 [Time: 1421] Server: 
2023/10/31 23:16:10 [Time: 1422] Server: 
2023/10/31 23:16:10 [Time: 1423] Server: 
2023/10/31 23:16:10 [Time: 1424] Server: 
2023/10/31 23:16:10 [Time: 1425] Server: 
2023/10/31 23:16:10 [Time: 1426] Server: 
2023/10/31 23:16:10 [Time: 1427] Server: 
2023/10/31 23:16:10 [Time: 1428] Server: 
2023/10/31 23:16:10 [Time: 1429] Server: 
2023/10/31 23:16:10 [Time: 1430] Server: 
2023/10/31 23:16:10 [Time: 1431] Server: 
2023/10/31 23:16:10 [Time: 1432] Server: 
2023/10/31 23:16:10 [Time: 1433] Server: 
2023/10/31 23:16:10 [Time: 1434] Server: 
2023/10/31 23:16:10 [Time: 1435] Server: 
2023/10/31 23:16:10 [Time: 1436] Server: 
2023/10/31 23:16:10 [Time: 1437] Server: 
2023/10/31 23:16:10 [Time: 1438] Server: 
2023/10/31 23:16:10 [Time: 1439] Server: 
2023/10/31 23:16:10 [Time: 1440] Server: 
2023/10/31 23:16:10 [Time: 1441] Server: 
2023/10/31 23:16:10 [Time: 1442] Server: 
2023/10/31 23:16:10 [Time: 1443] Server: 
2023/10/31 23:16:10 [Time: 1444] Server: 
2023/10/31 23:16:10 [Time: 1445] Server: 
2023/10/31 23:16:10 [Time: 1446] Server: 
2023/10/31 23:16:10 [Time: 1447] Server: 
2023/10/31 23:16:10 [Time: 1448] Server: 
2023/10/31 23:16:10 [Time: 1449] Server: 
2023/10/31 23:16:10 [Time: 1450] Server: 
2023/10/31 23:16:10 [Time: 1451] Server: 
2023/10/31 23:16:10 [Time: 1452] Server: 
2023/10/31 23:16:10 [Time: 1453] Server: 
2023/10/31 23:16:10 [Time: 1454] Server: 
2023/10/31 23:16:10 [Time: 1455] Server: 
2023/10/31 23:16:10 [Time: 1456] Server: 
2023/10/31 23:16:10 [Time: 1457] Server: 
2023/10/31 23:16:10 [Time: 1458] Server: 
2023/10/31 23:16:10 [Time: 1459] Server: 
2023/10/31 23:16:10 [Time: 1460] Server: 
2023/10/31 23:16:10 [Time: 1461] Server: 
2023/10/31 23:16:10 [Time: 1462] Server: 
2023/10/31 23:16:10 [Time: 1463] Server: 
2023/10/31 23:16:10 [Time: 1464] Server: 
2023/10/31 23:16:10 [Time: 1465] Server: 
2023/10/31 23:16:10 [Time: 1466] Server: 
2023/10/31 23:16:10 [Time: 1467] Server: 
2023/10/31 23:16:10 [Time: 1468] Server: 
2023/10/31 23:16:10 [Time: 1469] Server: 
2023/10/31 23:16:10 [Time: 1470] Server: 
2023/10/31 23:16:10 [Time: 1471] Server: 
2023/10/31 23:16:10 [Time: 1472] Server: 
2023/10/31 23:16:10 [Time: 1473] Server: 
2023/10/31 23:16:10 [Time: 1474] Server: 
2023/10/31 23:16:10 [Time: 1475] Server: 
2023/10/31 23:16:10 [Time: 1476] Server: 
2023/10/31 23:16:10 [Time: 1477] Server: 
2023/10/31 23:16:10 [Time: 1478] Server: 
2023/10/31 23:16:10 [Time: 1479] Server: 
2023/10/31 23:16:10 [Time: 1480] Server: 
2023/10/31 23:16:10 [Time: 1481] Server: 
2023/10/31 23:16:10 [Time: 1482] Server: 
2023/10/31 23:16:10 [Time: 1483] Server: 
2023/10/31 23:16:10 [Time: 1484] Server: 
2023/10/31 23:16:10 [Time: 1485] Server: 
2023/10/31 23:16:10 [Time: 1486] Server: 
2023/10/31 23:16:10 [Time: 1487] Server: 
2023/10/31 23:16:10 [Time: 1488] Server: 
2023/10/31 23:16:10 [Time: 1489] Server: 
2023/10/31 23:16:10 [Time: 1490] Server: 
2023/10/31 23:16:10 [Time: 1491] Server: 
2023/10/31 23:16:10 [Time: 1492] Server: 
2023/10/31 23:16:10 [Time: 1493] Server: 
2023/10/31 23:16:10 [Time: 1494] Server: 
2023/10/31 23:16:10 [Time: 1495] Server: 
2023/10/31 23:16:10 [Time: 1496] Server: 
2023/10/31 23:16:10 [Time: 1497] Server: 
2023/10/31 23:16:10 [Time: 1498] Server: 
2023/10/31 23:16:10 [Time: 1499] Server: 
2023/10/31 23:16:10 [Time: 1500] Server: 
2023/10/31 23:16:10 [Time: 1501] Server: 
2023/10/31 23:16:10 [Time: 1502] Server: 
2023/10/31 23:16:10 [Time: 1503] Server: 
2023/10/31 23:16:10 [Time: 1504] Server: 
2023/10/31 23:16:10 [Time: 1505] Server: 
2023/10/31 23:16:10 [Time: 1506] Server: 
2023/10/31 23:16:10 [Time: 1507] Server: 
2023/10/31 23:16:10 [Time: 1508] Server: 
2023/10/31 23:16:10 [Time: 1509] Server: 
2023/10/31 23:16:10 [Time: 1510] Server: 
2023/10/31 23:16:10 [Time: 1511] Server: 
2023/10/31 23:16:10 [Time: 1512] Server: 
2023/10/31 23:16:10 [Time: 1513] Server: 
2023/10/31 23:16:10 [Time: 1514] Server: 
2023/10/31 23:16:10 [Time: 1515] Server: 
2023/10/31 23:16:10 [Time: 1516] Server: 
2023/10/31 23:16:10 [Time: 1517] Server: 
2023/10/31 23:16:10 [Time: 1518] Server: 
2023/10/31 23:16:10 [Time: 1519] Server: 
2023/10/31 23:16:10 [Time: 1520] Server: 
2023/10/31 23:16:10 [Time: 1521] Server: 
2023/10/31 23:16:10 [Time: 1522] Server: 
2023/10/31 23:16:10 [Time: 1523] Server: 
2023/10/31 23:16:10 [Time: 1524] Server: 
2023/10/31 23:16:10 [Time: 1525] Server: 
2023/10/31 23:16:10 [Time: 1526] Server: 
2023/10/31 23:16:10 [Time: 1527] Server: 
2023/10/31 23:16:10 [Time: 1528] Server: 
2023/10/31 23:16:10 [Time: 1529] Server: 
2023/10/31 23:16:10 [Time: 1530] Server: 
2023/10/31 23:16:10 [Time: 1531] Server: 
2023/10/31 23:16:10 [Time: 1532] Server: 
2023/10/31 23:16:11 [Time: 1533] Server: 
2023/10/31 23:16:11 [Time: 1534] Server: 
2023/10/31 23:16:11 [Time: 1535] Server: 
2023/10/31 23:16:11 [Time: 1536] Server: 
2023/10/31 23:16:11 [Time: 1537] Server: 
2023/10/31 23:16:11 [Time: 1538] Server: 
2023/10/31 23:16:11 [Time: 1539] Server: 
2023/10/31 23:16:11 [Time: 1540] Server: 
2023/10/31 23:16:11 [Time: 1541] Server: 
2023/10/31 23:16:11 [Time: 1542] Server: 
2023/10/31 23:16:11 [Time: 1543] Server: 
2023/10/31 23:16:11 [Time: 1544] Server: 
2023/10/31 23:16:11 [Time: 1545] Server: 
2023/10/31 23:16:11 [Time: 1546] Server: 
2023/10/31 23:16:11 [Time: 1547] Server: 
2023/10/31 23:16:11 [Time: 1548] Server: 
2023/10/31 23:16:11 [Time: 1549] Server: 
2023/10/31 23:16:11 [Time: 1550] Server: 
2023/10/31 23:16:11 [Time: 1551] Server: 
2023/10/31 23:16:11 [Time: 1552] Server: 
2023/10/31 23:16:11 [Time: 1553] Server: 
2023/10/31 23:16:11 [Time: 1554] Server: 
2023/10/31 23:16:11 [Time: 1555] Server: 
2023/10/31 23:16:11 [Time: 1556] Server: 
2023/10/31 23:16:11 [Time: 1557] Server: 
2023/10/31 23:16:11 [Time: 1558] Server: 
2023/10/31 23:16:11 [Time: 1559] Server: 
2023/10/31 23:16:11 [Time: 1560] Server: 
2023/10/31 23:16:11 [Time: 1561] Server: 
2023/10/31 23:16:11 [Time: 1562] Server: 
2023/10/31 23:16:11 [Time: 1563] Server: 
2023/10/31 23:16:11 [Time: 1564] Server: 
2023/10/31 23:16:11 [Time: 1565] Server: 
2023/10/31 23:16:11 [Time: 1566] Server: 
2023/10/31 23:16:11 [Time: 1567] Server: 
2023/10/31 23:16:11 [Time: 1568] Server: 
2023/10/31 23:16:11 [Time: 1569] Server: 
2023/10/31 23:16:11 [Time: 1570] Server: 
2023/10/31 23:16:11 [Time: 1571] Server: 
2023/10/31 23:16:11 [Time: 1572] Server: 
2023/10/31 23:16:11 [Time: 1573] Server: 
2023/10/31 23:16:11 [Time: 1574] Server: 
2023/10/31 23:16:11 [Time: 1575] Server: 
2023/10/31 23:16:11 [Time: 1576] Server: 
2023/10/31 23:16:11 [Time: 1577] Server: 
2023/10/31 23:16:11 [Time: 1578] Server: 
2023/10/31 23:16:11 [Time: 1579] Server: 
2023/10/31 23:16:11 [Time: 1580] Server: 
2023/10/31 23:16:11 [Time: 1581] Server: 
2023/10/31 23:16:11 [Time: 1582] Server: 
2023/10/31 23:16:11 [Time: 1583] Server: 
2023/10/31 23:16:11 [Time: 1584] Server: 
2023/10/31 23:16:11 [Time: 1585] Server: 
2023/10/31 23:16:11 [Time: 1586] Server: 
2023/10/31 23:16:11 [Time: 1587] Server: 
2023/10/31 23:16:11 [Time: 1588] Server: 
2023/10/31 23:16:11 [Time: 1589] Server: 
2023/10/31 23:16:11 [Time: 1590] Server: 
2023/10/31 23:16:11 [Time: 1591] Server: 
2023/10/31 23:16:11 [Time: 1592] Server: 
2023/10/31 23:16:11 [Time: 1593] Server: 
2023/10/31 23:16:11 [Time: 1594] Server: 
2023/10/31 23:16:11 [Time: 1595] Server: 
2023/10/31 23:16:11 [Time: 1596] Server: 
2023/10/31 23:16:11 [Time: 1597] Server: 
2023/10/31 23:16:11 [Time: 1598] Server: 
2023/10/31 23:16:11 [Time: 1599] Server: 
2023/10/31 23:16:11 [Time: 1600] Server: 
2023/10/31 23:16:11 [Time: 1601] Server: 
2023/10/31 23:16:11 [Time: 1602] Server: 
2023/10/31 23:16:11 [Time: 1603] Server: 
2023/10/31 23:16:11 [Time: 1604] Server: 
2023/10/31 23:16:11 [Time: 1605] Server: 
2023/10/31 23:16:11 [Time: 1606] Server: 
2023/10/31 23:16:11 [Time: 1607] Server: 
2023/10/31 23:16:11 [Time: 1608] Server: 
2023/10/31 23:16:11 [Time: 1609] Server: 
2023/10/31 23:16:11 [Time: 1610] Server: 
2023/10/31 23:16:11 [Time: 1611] Server: 
2023/10/31 23:16:11 [Time: 1612] Server: 
2023/10/31 23:16:11 [Time: 1613] Server: 
2023/10/31 23:16:11 [Time: 1614] Server: 
2023/10/31 23:16:11 [Time: 1615] Server: 
2023/10/31 23:16:11 [Time: 1616] Server: 
2023/10/31 23:16:11 [Time: 1617] Server: 
2023/10/31 23:16:11 [Time: 1618] Server: 
2023/10/31 23:16:11 [Time: 1619] Server: 
2023/10/31 23:16:11 [Time: 1620] Server: 
2023/10/31 23:16:11 [Time: 1621] Server: 
2023/10/31 23:16:11 [Time: 1622] Server: 
2023/10/31 23:16:11 [Time: 1623] Server: 
2023/10/31 23:16:11 [Time: 1624] Server: 
2023/10/31 23:16:11 [Time: 1625] Server: 
2023/10/31 23:16:11 [Time: 1626] Server: 
2023/10/31 23:16:11 [Time: 1627] Server: 
2023/10/31 23:16:11 [Time: 1628] Server: 
2023/10/31 23:16:11 [Time: 1629] Server: 
2023/10/31 23:16:11 [Time: 1630] Server: 
2023/10/31 23:16:11 [Time: 1631] Server: 
2023/10/31 23:16:11 [Time: 1632] Server: 
2023/10/31 23:16:11 [Time: 1633] Server: 
2023/10/31 23:16:11 [Time: 1634] Server: 
2023/10/31 23:16:11 [Time: 1635] Server: 
2023/10/31 23:16:11 [Time: 1636] Server: 
2023/10/31 23:16:11 [Time: 1637] Server: 
2023/10/31 23:16:11 [Time: 1638] Server: 
2023/10/31 23:16:11 [Time: 1639] Server: 
2023/10/31 23:16:11 [Time: 1640] Server: 
2023/10/31 23:16:11 [Time: 1641] Server: 
2023/10/31 23:16:11 [Time: 1642] Server: 
2023/10/31 23:16:11 [Time: 1643] Server: 
2023/10/31 23:16:11 [Time: 1644] Server: 
2023/10/31 23:16:11 [Time: 1645] Server: 
2023/10/31 23:16:11 [Time: 1646] Server: 
2023/10/31 23:16:11 [Time: 1647] Server: 
2023/10/31 23:16:11 [Time: 1648] Server: 
2023/10/31 23:16:11 [Time: 1649] Server: 
2023/10/31 23:16:11 [Time: 1650] Server: 
2023/10/31 23:16:11 [Time: 1651] Server: 
2023/10/31 23:16:11 [Time: 1652] Server: 
2023/10/31 23:16:11 [Time: 1653] Server: 
2023/10/31 23:16:11 [Time: 1654] Server: 
2023/10/31 23:16:11 [Time: 1655] Server: 
2023/10/31 23:16:11 [Time: 1656] Server: 
2023/10/31 23:16:11 [Time: 1657] Server: 
2023/10/31 23:16:11 [Time: 1658] Server: 
2023/10/31 23:16:11 [Time: 1659] Server: 
2023/10/31 23:16:11 [Time: 1660] Server: 
2023/10/31 23:16:11 [Time: 1661] Server: 
2023/10/31 23:16:11 [Time: 1662] Server: 
2023/10/31 23:16:11 [Time: 1663] Server: 
2023/10/31 23:16:11 [Time: 1664] Server: 
2023/10/31 23:16:11 [Time: 1665] Server: 
2023/10/31 23:16:11 [Time: 1666] Server: 
2023/10/31 23:16:11 [Time: 1667] Server: 
2023/10/31 23:16:11 [Time: 1668] Server: 
2023/10/31 23:16:11 [Time: 1669] Server: 
2023/10/31 23:16:11 [Time: 1670] Server: 
2023/10/31 23:16:11 [Time: 1671] Server: 
2023/10/31 23:16:11 [Time: 1672] Server: 
2023/10/31 23:16:11 [Time: 1673] Server: 
2023/10/31 23:16:11 [Time: 1674] Server: 
2023/10/31 23:16:11 [Time: 1675] Server: 
2023/10/31 23:16:11 [Time: 1676] Server: 
2023/10/31 23:16:11 [Time: 1677] Server: 
2023/10/31 23:16:11 [Time: 1678] Server: 
2023/10/31 23:16:11 [Time: 1679] Server: 
2023/10/31 23:16:11 [Time: 1680] Server: 
2023/10/31 23:16:11 [Time: 1681] Server: 
2023/10/31 23:16:11 [Time: 1682] Server: 
2023/10/31 23:16:11 [Time: 1683] Server: 
2023/10/31 23:16:11 [Time: 1684] Server: 
2023/10/31 23:16:11 [Time: 1685] Server: 
2023/10/31 23:16:11 [Time: 1686] Server: 
2023/10/31 23:16:11 [Time: 1687] Server: 
2023/10/31 23:16:11 [Time: 1688] Server: 
2023/10/31 23:16:11 [Time: 1689] Server: 
2023/10/31 23:16:11 [Time: 1690] Server: 
2023/10/31 23:16:11 [Time: 1691] Server: 
2023/10/31 23:16:11 [Time: 1692] Server: 
2023/10/31 23:16:11 [Time: 1693] Server: 
2023/10/31 23:16:11 [Time: 1694] Server: 
2023/10/31 23:16:11 [Time: 1695] Server: 
2023/10/31 23:16:11 [Time: 1696] Server: 
2023/10/31 23:16:11 [Time: 1697] Server: 
2023/10/31 23:16:11 [Time: 1698] Server: 
2023/10/31 23:16:11 [Time: 1699] Server: 
2023/10/31 23:16:11 [Time: 1700] Server: 
2023/10/31 23:16:11 [Time: 1701] Server: 
2023/10/31 23:16:11 [Time: 1702] Server: 
2023/10/31 23:16:11 [Time: 1703] Server: 
2023/10/31 23:16:11 [Time: 1704] Server: 
2023/10/31 23:16:11 [Time: 1705] Server: 
2023/10/31 23:16:11 [Time: 1706] Server: 
2023/10/31 23:16:11 [Time: 1707] Server: 
2023/10/31 23:16:11 [Time: 1708] Server: 
2023/10/31 23:16:11 [Time: 1709] Server: 
2023/10/31 23:16:11 [Time: 1710] Server: 
2023/10/31 23:16:11 [Time: 1711] Server: 
2023/10/31 23:16:11 [Time: 1712] Server: 
2023/10/31 23:16:11 [Time: 1713] Server: 
2023/10/31 23:16:11 [Time: 1714] Server: 
2023/10/31 23:16:11 [Time: 1715] Server: 
2023/10/31 23:16:11 [Time: 1716] Server: 
2023/10/31 23:16:11 [Time: 1717] Server: 
2023/10/31 23:16:11 [Time: 1718] Server: 
2023/10/31 23:16:11 [Time: 1719] Server: 
2023/10/31 23:16:11 [Time: 1720] Server: 
2023/10/31 23:16:11 [Time: 1721] Server: 
2023/10/31 23:16:11 [Time: 1722] Server: 
2023/10/31 23:16:11 [Time: 1723] Server: 
2023/10/31 23:16:11 [Time: 1724] Server: 
2023/10/31 23:16:11 [Time: 1725] Server: 
2023/10/31 23:16:11 [Time: 1726] Server: 
2023/10/31 23:16:11 [Time: 1727] Server: 
2023/10/31 23:16:11 [Time: 1728] Server: 
2023/10/31 23:16:11 [Time: 1729] Server: 
2023/10/31 23:16:11 [Time: 1730] Server: 
2023/10/31 23:16:11 [Time: 1731] Server: 
2023/10/31 23:16:11 [Time: 1732] Server: 
2023/10/31 23:16:11 [Time: 1733] Server: 
2023/10/31 23:16:11 [Time: 1734] Server: 
2023/10/31 23:16:11 [Time: 1735] Server: 
2023/10/31 23:16:11 [Time: 1736] Server: 
2023/10/31 23:16:11 [Time: 1737] Server: 
2023/10/31 23:16:11 [Time: 1738] Server: 
2023/10/31 23:16:11 [Time: 1739] Server: 
2023/10/31 23:16:11 [Time: 1740] Server: 
2023/10/31 23:16:11 [Time: 1741] Server: 
2023/10/31 23:16:11 [Time: 1742] Server: 
2023/10/31 23:16:11 [Time: 1743] Server: 
2023/10/31 23:16:11 [Time: 1744] Server: 
2023/10/31 23:16:11 [Time: 1745] Server: 
2023/10/31 23:16:11 [Time: 1746] Server: 
2023/10/31 23:16:11 [Time: 1747] Server: 
2023/10/31 23:16:11 [Time: 1748] Server: 
2023/10/31 23:16:11 [Time: 1749] Server: 
2023/10/31 23:16:11 [Time: 1750] Server: 
2023/10/31 23:16:11 [Time: 1751] Server: 
2023/10/31 23:16:11 [Time: 1752] Server: 
2023/10/31 23:16:11 [Time: 1753] Server: 
2023/10/31 23:16:11 [Time: 1754] Server: 
2023/10/31 23:16:11 [Time: 1755] Server: 
2023/10/31 23:16:11 [Time: 1756] Server: 
2023/10/31 23:16:11 [Time: 1757] Server: 
2023/10/31 23:16:11 [Time: 1758] Server: 
2023/10/31 23:16:12 [Time: 1759] Server: 
2023/10/31 23:16:12 [Time: 1760] Server: 
2023/10/31 23:16:12 [Time: 1761] Server: 
2023/10/31 23:16:12 [Time: 1762] Server: 
2023/10/31 23:16:12 [Time: 1763] Server: 
2023/10/31 23:16:12 [Time: 1764] Server: 
2023/10/31 23:16:12 [Time: 1765] Server: 
2023/10/31 23:16:12 [Time: 1766] Server: 
2023/10/31 23:16:12 [Time: 1767] Server: 
2023/10/31 23:16:12 [Time: 1768] Server: 
2023/10/31 23:16:12 [Time: 1769] Server: 
2023/10/31 23:16:12 [Time: 1770] Server: 
2023/10/31 23:16:12 [Time: 1771] Server: 
2023/10/31 23:16:12 [Time: 1772] Server: 
2023/10/31 23:16:12 [Time: 1773] Server: 
2023/10/31 23:16:12 [Time: 1774] Server: 
2023/10/31 23:16:12 [Time: 1775] Server: 
2023/10/31 23:16:12 [Time: 1776] Server: 
2023/10/31 23:16:12 [Time: 1777] Server: 
2023/10/31 23:16:12 [Time: 1778] Server: 
2023/10/31 23:16:12 [Time: 1779] Server: 
2023/10/31 23:16:12 [Time: 1780] Server: 
2023/10/31 23:16:12 [Time: 1781] Server: 
2023/10/31 23:16:12 [Time: 1782] Server: 
2023/10/31 23:16:12 [Time: 1783] Server: 
2023/10/31 23:16:12 [Time: 1784] Server: 
2023/10/31 23:16:12 [Time: 1785] Server: 
2023/10/31 23:16:12 [Time: 1786] Server: 
2023/10/31 23:16:12 [Time: 1787] Server: 
2023/10/31 23:16:12 [Time: 1788] Server: 
2023/10/31 23:16:12 [Time: 1789] Server: 
2023/10/31 23:16:12 [Time: 1790] Server: 
2023/10/31 23:16:12 [Time: 1791] Server: 
2023/10/31 23:16:12 [Time: 1792] Server: 
2023/10/31 23:16:12 [Time: 1793] Server: 
2023/10/31 23:16:12 [Time: 1794] Server: 
2023/10/31 23:16:12 [Time: 1795] Server: 
2023/10/31 23:16:12 [Time: 1796] Server: 
2023/10/31 23:16:12 [Time: 1797] Server: 
2023/10/31 23:16:12 [Time: 1798] Server: 
2023/10/31 23:16:12 [Time: 1799] Server: 
2023/10/31 23:16:12 [Time: 1800] Server: 
2023/10/31 23:16:12 [Time: 1801] Server: 
2023/10/31 23:16:12 [Time: 1802] Server: 
2023/10/31 23:16:12 [Time: 1803] Server: 
2023/10/31 23:16:12 [Time: 1804] Server: 
2023/10/31 23:16:12 [Time: 1805] Server: 
2023/10/31 23:16:12 [Time: 1806] Server: 
2023/10/31 23:16:12 [Time: 1807] Server: 
2023/10/31 23:16:12 [Time: 1808] Server: 
2023/10/31 23:16:12 [Time: 1809] Server: 
2023/10/31 23:16:12 [Time: 1810] Server: 
2023/10/31 23:16:12 [Time: 1811] Server: 
2023/10/31 23:16:12 [Time: 1812] Server: 
2023/10/31 23:16:12 [Time: 1813] Server: 
2023/10/31 23:16:12 [Time: 1814] Server: 
2023/10/31 23:16:12 [Time: 1815] Server: 
2023/10/31 23:16:12 [Time: 1816] Server: 
2023/10/31 23:16:12 [Time: 1817] Server: 
2023/10/31 23:16:12 [Time: 1818] Server: 
2023/10/31 23:16:12 [Time: 1819] Server: 
2023/10/31 23:16:12 [Time: 1820] Server: 
2023/10/31 23:16:12 [Time: 1821] Server: 
2023/10/31 23:16:12 [Time: 1822] Server: 
2023/10/31 23:16:12 [Time: 1823] Server: 
2023/10/31 23:16:12 [Time: 1824] Server: 
2023/10/31 23:16:12 [Time: 1825] Server: 
2023/10/31 23:16:12 [Time: 1826] Server: 
2023/10/31 23:16:12 [Time: 1827] Server: 
2023/10/31 23:16:12 [Time: 1828] Server: 
2023/10/31 23:16:12 [Time: 1829] Server: 
2023/10/31 23:16:12 [Time: 1830] Server: 
2023/10/31 23:16:12 [Time: 1831] Server: 
2023/10/31 23:16:12 [Time: 1832] Server: 
2023/10/31 23:16:12 [Time: 1833] Server: 
2023/10/31 23:16:12 [Time: 1834] Server: 
2023/10/31 23:16:12 [Time: 1835] Server: 
2023/10/31 23:16:12 [Time: 1836] Server: 
2023/10/31 23:16:12 [Time: 1837] Server: 
2023/10/31 23:16:12 [Time: 1838] Server: 
2023/10/31 23:16:12 [Time: 1839] Server: 
2023/10/31 23:16:12 [Time: 1840] Server: 
2023/10/31 23:16:12 [Time: 1841] Server: 
2023/10/31 23:16:12 [Time: 1842] Server: 
2023/10/31 23:16:12 [Time: 1843] Server: 
2023/10/31 23:16:12 [Time: 1844] Server: 
2023/10/31 23:16:12 [Time: 1845] Server: 
2023/10/31 23:16:12 [Time: 1846] Server: 
2023/10/31 23:16:12 [Time: 1847] Server: 
2023/10/31 23:16:12 [Time: 1848] Server: 
2023/10/31 23:16:12 [Time: 1849] Server: 
2023/10/31 23:16:12 [Time: 1850] Server: 
2023/10/31 23:16:12 [Time: 1851] Server: 
2023/10/31 23:16:12 [Time: 1852] Server: 
2023/10/31 23:16:12 [Time: 1853] Server: 
2023/10/31 23:16:12 [Time: 1854] Server: 
2023/10/31 23:16:12 [Time: 1855] Server: 
2023/10/31 23:16:12 [Time: 1856] Server: 
2023/10/31 23:16:12 [Time: 1857] Server: 
2023/10/31 23:16:12 [Time: 1858] Server: 
2023/10/31 23:16:12 [Time: 1859] Server: 
2023/10/31 23:16:12 [Time: 1860] Server: 
2023/10/31 23:16:12 [Time: 1861] Server: 
2023/10/31 23:16:12 [Time: 1862] Server: 
2023/10/31 23:16:12 [Time: 1863] Server: 
2023/10/31 23:16:12 [Time: 1864] Server: 
2023/10/31 23:16:12 [Time: 1865] Server: 
2023/10/31 23:16:12 [Time: 1866] Server: 
2023/10/31 23:16:12 [Time: 1867] Server: 
2023/10/31 23:16:12 [Time: 1868] Server: 
2023/10/31 23:16:12 [Time: 1869] Server: 
2023/10/31 23:16:12 [Time: 1870] Server: 
2023/10/31 23:16:12 [Time: 1871] Server: 
2023/10/31 23:16:12 [Time: 1872] Server: 
2023/10/31 23:16:12 [Time: 1873] Server: 
2023/10/31 23:16:12 [Time: 1874] Server: 
2023/10/31 23:16:12 [Time: 1875] Server: 
2023/10/31 23:16:12 [Time: 1876] Server: 
2023/10/31 23:16:12 [Time: 1877] Server: 
2023/10/31 23:16:12 [Time: 1878] Server: 
2023/10/31 23:16:12 [Time: 1879] Server: 
2023/10/31 23:16:12 [Time: 1880] Server: 
2023/10/31 23:16:12 [Time: 1881] Server: 
2023/10/31 23:16:12 [Time: 1882] Server: 
2023/10/31 23:16:12 [Time: 1883] Server: 
2023/10/31 23:16:12 [Time: 1884] Server: 
2023/10/31 23:16:12 [Time: 1885] Server: 
2023/10/31 23:16:12 [Time: 1886] Server: 
2023/10/31 23:16:12 [Time: 1887] Server: 
2023/10/31 23:16:12 [Time: 1888] Server: 
2023/10/31 23:16:12 [Time: 1889] Server: 
2023/10/31 23:16:12 [Time: 1890] Server: 
2023/10/31 23:16:12 [Time: 1891] Server: 
2023/10/31 23:16:12 [Time: 1892] Server: 
2023/10/31 23:16:12 [Time: 1893] Server: 
2023/10/31 23:16:12 [Time: 1894] Server: 
2023/10/31 23:16:12 [Time: 1895] Server: 
2023/10/31 23:16:12 [Time: 1896] Server: 
2023/10/31 23:16:12 [Time: 1897] Server: 
2023/10/31 23:16:12 [Time: 1898] Server: 
2023/10/31 23:16:12 [Time: 1899] Server: 
2023/10/31 23:16:12 [Time: 1900] Server: 
2023/10/31 23:16:12 [Time: 1901] Server: 
2023/10/31 23:16:12 [Time: 1902] Server: 
2023/10/31 23:16:12 [Time: 1903] Server: 
2023/10/31 23:16:12 [Time: 1904] Server: 
2023/10/31 23:16:12 [Time: 1905] Server: 
2023/10/31 23:16:12 [Time: 1906] Server: 
2023/10/31 23:16:12 [Time: 1907] Server: 
2023/10/31 23:16:12 [Time: 1908] Server: 
2023/10/31 23:16:12 [Time: 1909] Server: 
2023/10/31 23:16:12 [Time: 1910] Server: 
2023/10/31 23:16:12 [Time: 1911] Server: 
2023/10/31 23:16:12 [Time: 1912] Server: 
2023/10/31 23:16:12 [Time: 1913] Server: 
2023/10/31 23:16:12 [Time: 1914] Server: 
2023/10/31 23:16:12 [Time: 1915] Server: 
2023/10/31 23:16:12 [Time: 1916] Server: 
2023/10/31 23:16:12 [Time: 1917] Server: 
2023/10/31 23:16:12 [Time: 1918] Server: 
2023/10/31 23:16:12 [Time: 1919] Server: 
2023/10/31 23:16:12 [Time: 1920] Server: 
2023/10/31 23:16:12 [Time: 1921] Server: 
2023/10/31 23:16:12 [Time: 1922] Server: 
2023/10/31 23:16:12 [Time: 1923] Server: 
2023/10/31 23:16:12 [Time: 1924] Server: 
2023/10/31 23:16:12 [Time: 1925] Server: 
2023/10/31 23:16:12 [Time: 1926] Server: 
2023/10/31 23:16:12 [Time: 1927] Server: 
2023/10/31 23:16:12 [Time: 1928] Server: 
2023/10/31 23:16:12 [Time: 1929] Server: 
2023/10/31 23:16:12 [Time: 1930] Server: 
2023/10/31 23:16:12 [Time: 1931] Server: 
2023/10/31 23:16:12 [Time: 1932] Server: 
2023/10/31 23:16:12 [Time: 1933] Server: 
2023/10/31 23:16:12 [Time: 1934] Server: 
2023/10/31 23:16:12 [Time: 1935] Server: 
2023/10/31 23:16:12 [Time: 1936] Server: 
2023/10/31 23:16:12 [Time: 1937] Server: 
2023/10/31 23:16:12 [Time: 1938] Server: 
2023/10/31 23:16:12 [Time: 1939] Server: 
2023/10/31 23:16:12 [Time: 1940] Server: 
2023/10/31 23:16:12 [Time: 1941] Server: 
2023/10/31 23:16:12 [Time: 1942] Server: 
2023/10/31 23:16:12 [Time: 1943] Server: 
2023/10/31 23:16:12 [Time: 1944] Server: 
2023/10/31 23:16:12 [Time: 1945] Server: 
2023/10/31 23:16:12 [Time: 1946] Server: 
2023/10/31 23:16:12 [Time: 1947] Server: 
2023/10/31 23:16:12 [Time: 1948] Server: 
2023/10/31 23:16:12 [Time: 1949] Server: 
2023/10/31 23:16:12 [Time: 1950] Server: 
2023/10/31 23:16:12 [Time: 1951] Server: 
2023/10/31 23:16:12 [Time: 1952] Server: 
2023/10/31 23:16:12 [Time: 1953] Server: 
2023/10/31 23:16:12 [Time: 1954] Server: 
2023/10/31 23:16:12 [Time: 1955] Server: 
2023/10/31 23:16:12 [Time: 1956] Server: 
2023/10/31 23:16:12 [Time: 1957] Server: 
2023/10/31 23:16:12 [Time: 1958] Server: 
2023/10/31 23:16:12 [Time: 1959] Server: 
2023/10/31 23:16:12 [Time: 1960] Server: 
2023/10/31 23:16:12 [Time: 1961] Server: 
2023/10/31 23:16:12 [Time: 1962] Server: 
2023/10/31 23:16:12 [Time: 1963] Server: 
2023/10/31 23:16:12 [Time: 1964] Server: 
2023/10/31 23:16:12 [Time: 1965] Server: 
2023/10/31 23:16:12 [Time: 1966] Server: 
2023/10/31 23:16:12 [Time: 1967] Server: 
2023/10/31 23:16:12 [Time: 1968] Server: 
2023/10/31 23:16:12 [Time: 1969] Server: 
2023/10/31 23:16:12 [Time: 1970] Server: 
2023/10/31 23:16:12 [Time: 1971] Server: 
2023/10/31 23:16:12 [Time: 1972] Server: 
2023/10/31 23:16:12 [Time: 1973] Server: 
