2023/10/31 23:15:35 Starting client Client 1...
2023/10/31 23:15:37 [Time: 3] Server: <Client 1>: message a
2023/10/31 23:15:39 [Time: 4] Server: Client 2 has joined the chat
2023/10/31 23:15:44 [Time: 6] Server: <Client 1>: message b
2023/10/31 23:15:55 [Time: 8] Server: 
2023/10/31 23:15:55 [Time: 9] Server: 
2023/10/31 23:15:55 [Time: 10] Server: 
2023/10/31 23:15:55 [Time: 11] Server: 
2023/10/31 23:15:55 [Time: 12] Server: 
2023/10/31 23:15:55 [Time: 13] Server: 
2023/10/31 23:15:55 [Time: 14] Server: 
2023/10/31 23:15:55 [Time: 15] Server: 
2023/10/31 23:15:55 [Time: 16] Server: 
2023/10/31 23:15:55 [Time: 17] Server: 
2023/10/31 23:15:55 [Time: 18] Server: 
2023/10/31 23:15:55 [Time: 19] Server: 
2023/10/31 23:15:55 [Time: 20] Server: 
2023/10/31 23:15:55 [Time: 21] Server: 
2023/10/31 23:15:55 [Time: 22] Server: 
2023/10/31 23:15:55 [Time: 23] Server: 
2023/10/31 23:15:55 [Time: 24] Server: 
2023/10/31 23:15:55 [Time: 25] Server: 
2023/10/31 23:15:55 [Time: 26] Server: 
2023/10/31 23:15:55 [Time: 27] Server: 
2023/10/31 23:15:55 [Time: 28] Server: 
2023/10/31 23:15:55 [Time: 29] Server: 
2023/10/31 23:15:55 [Time: 30] Server: 
2023/10/31 23:15:55 [Time: 31] Server: 
2023/10/31 23:15:55 [Time: 32] Server: 
2023/10/31 23:15:55 [Time: 33] Server: 
2023/10/31 23:15:55 [Time: 34] Server: 
2023/10/31 23:15:55 [Time: 35] Server: 
2023/10/31 23:15:55 [Time: 36] Server: 
2023/10/31 23:15:55 [Time: 37] Server: 
2023/10/31 23:15:55 [Time: 38] Server: 
2023/10/31 23:15:55 [Time: 39] Server: 
2023/10/31 23:15:55 [Time: 40] Server: 
2023/10/31 23:15:55 [Time: 41] Server: 
2023/10/31 23:15:55 [Time: 42] Server: 
2023/10/31 23:15:55 [Time: 43] Server: 
2023/10/31 23:15:55 [Time: 44] Server: 
2023/10/31 23:15:55 [Time: 45] Server: 
2023/10/31 23:15:55 [Time: 46] Server: 
2023/10/31 23:15:55 [Time: 47] Server: 
2023/10/31 23:15:55 [Time: 48] Server: 
2023/10/31 23:15:55 [Time: 49] Server: 
2023/10/31 23:15:55 [Time: 50] Server: 
2023/10/31 23:15:55 [Time: 51] Server: 
2023/10/31 23:15:55 [Time: 52] Server: 
2023/10/31 23:15:55 [Time: 53] Server: 
2023/10/31 23:15:55 [Time: 54] Server: 
2023/10/31 23:15:55 [Time: 55] Server: 
2023/10/31 23:15:55 [Time: 56] Server: 
2023/10/31 23:15:55 [Time: 57] Server: 
2023/10/31 23:15:55 [Time: 58] Server: 
2023/10/31 23:15:55 [Time: 59] Server: 
2023/10/31 23:15:55 [Time: 60] Server: 
2023/10/31 23:15:55 [Time: 61] Server: 
2023/10/31 23:15:55 [Time: 62] Server: 
2023/10/31 23:15:55 [Time: 63] Server: 
2023/10/31 23:15:55 [Time: 64] Server: 
2023/10/31 23:15:55 [Time: 65] Server: 
2023/10/31 23:15:55 [Time: 66] Server: 
2023/10/31 23:15:55 [Time: 67] Server: 
2023/10/31 23:15:55 [Time: 68] Server: 
2023/10/31 23:15:55 [Time: 69] Server: 
2023/10/31 23:15:55 [Time: 70] Server: 
2023/10/31 23:15:55 [Time: 71] Server: 
2023/10/31 23:15:55 [Time: 72] Server: 
2023/10/31 23:15:55 [Time: 73] Server: 
2023/10/31 23:15:55 [Time: 74] Server: 
2023/10/31 23:15:55 [Time: 75] Server: 
2023/10/31 23:15:55 [Time: 76] Server: 
2023/10/31 23:15:55 [Time: 77] Server: 
2023/10/31 23:15:55 [Time: 78] Server: 
2023/10/31 23:15:55 [Time: 79] Server: 
2023/10/31 23:15:55 [Time: 80] Server: 
2023/10/31 23:15:55 [Time: 81] Server: 
2023/10/31 23:15:55 [Time: 82] Server: 
2023/10/31 23:15:55 [Time: 83] Server: 
2023/10/31 23:15:55 [Time: 84] Server: 
2023/10/31 23:15:55 [Time: 85] Server: 
2023/10/31 23:15:55 [Time: 86] Server: 
2023/10/31 23:15:55 [Time: 87] Server: 
2023/10/31 23:15:55 [Time: 88] Server: 
2023/10/31 23:15:55 [Time: 89] Server: 
2023/10/31 23:15:55 [Time: 90] Server: 
2023/10/31 23:15:55 [Time: 91] Server: 
2023/10/31 23:15:55 [Time: 92] Server: 
2023/10/31 23:15:55 [Time: 93] Server: 
2023/10/31 23:15:55 [Time: 94] Server: 
2023/10/31 23:15:55 [Time: 95] Server: 
2023/10/31 23:15:55 [Time: 96] Server: 
2023/10/31 23:15:55 [Time: 97] Server: 
2023/10/31 23:15:55 [Time: 98] Server: 
2023/10/31 23:15:55 [Time: 99] Server: 
2023/10/31 23:15:55 [Time: 100] Server: 
2023/10/31 23:15:55 [Time: 101] Server: 
2023/10/31 23:15:55 [Time: 102] Server: 
2023/10/31 23:15:55 [Time: 103] Server: 
2023/10/31 23:15:55 [Time: 104] Server: 
2023/10/31 23:15:55 [Time: 105] Server: 
2023/10/31 23:15:55 [Time: 106] Server: 
2023/10/31 23:15:55 [Time: 107] Server: 
2023/10/31 23:15:55 [Time: 108] Server: 
2023/10/31 23:15:55 [Time: 109] Server: 
2023/10/31 23:15:55 [Time: 110] Server: 
2023/10/31 23:15:55 [Time: 111] Server: 
2023/10/31 23:15:55 [Time: 112] Server: 
2023/10/31 23:15:56 [Time: 113] Server: 
2023/10/31 23:15:56 [Time: 114] Server: 
2023/10/31 23:15:56 [Time: 115] Server: 
2023/10/31 23:15:56 [Time: 116] Server: 
2023/10/31 23:15:56 [Time: 117] Server: 
2023/10/31 23:15:56 [Time: 118] Server: 
2023/10/31 23:15:56 [Time: 119] Server: 
2023/10/31 23:15:56 [Time: 120] Server: 
2023/10/31 23:15:56 [Time: 121] Server: 
2023/10/31 23:15:56 [Time: 122] Server: 
2023/10/31 23:15:56 [Time: 123] Server: 
2023/10/31 23:15:56 [Time: 124] Server: 
2023/10/31 23:15:56 [Time: 125] Server: 
2023/10/31 23:15:56 [Time: 126] Server: 
2023/10/31 23:15:56 [Time: 127] Server: 
2023/10/31 23:15:56 [Time: 128] Server: 
2023/10/31 23:15:56 [Time: 129] Server: 
2023/10/31 23:15:56 [Time: 130] Server: 
2023/10/31 23:15:56 [Time: 131] Server: 
2023/10/31 23:15:56 [Time: 132] Server: 
2023/10/31 23:15:56 [Time: 133] Server: 
2023/10/31 23:15:56 [Time: 134] Server: 
2023/10/31 23:15:56 [Time: 135] Server: 
2023/10/31 23:15:56 [Time: 136] Server: 
2023/10/31 23:15:56 [Time: 137] Server: 
2023/10/31 23:15:56 [Time: 138] Server: 
2023/10/31 23:15:56 [Time: 139] Server: 
2023/10/31 23:15:56 [Time: 140] Server: 
2023/10/31 23:15:56 [Time: 141] Server: 
2023/10/31 23:15:56 [Time: 142] Server: 
2023/10/31 23:15:56 [Time: 143] Server: 
2023/10/31 23:15:56 [Time: 144] Server: 
2023/10/31 23:15:56 [Time: 145] Server: 
2023/10/31 23:15:56 [Time: 146] Server: 
2023/10/31 23:15:56 [Time: 147] Server: 
2023/10/31 23:15:56 [Time: 148] Server: 
2023/10/31 23:15:56 [Time: 149] Server: 
2023/10/31 23:15:56 [Time: 150] Server: 
2023/10/31 23:15:56 [Time: 151] Server: 
2023/10/31 23:15:56 [Time: 152] Server: 
2023/10/31 23:15:56 [Time: 153] Server: 
2023/10/31 23:15:56 [Time: 154] Server: 
2023/10/31 23:15:56 [Time: 155] Server: 
2023/10/31 23:15:56 [Time: 156] Server: 
2023/10/31 23:15:56 [Time: 157] Server: 
2023/10/31 23:15:56 [Time: 158] Server: 
2023/10/31 23:15:56 [Time: 159] Server: 
2023/10/31 23:15:56 [Time: 160] Server: 
2023/10/31 23:15:56 [Time: 161] Server: 
2023/10/31 23:15:56 [Time: 162] Server: 
2023/10/31 23:15:56 [Time: 163] Server: 
2023/10/31 23:15:56 [Time: 164] Server: 
2023/10/31 23:15:56 [Time: 165] Server: 
2023/10/31 23:15:56 [Time: 166] Server: 
2023/10/31 23:15:56 [Time: 167] Server: 
2023/10/31 23:15:56 [Time: 168] Server: 
2023/10/31 23:15:56 [Time: 169] Server: 
2023/10/31 23:15:56 [Time: 170] Server: 
2023/10/31 23:15:56 [Time: 171] Server: 
2023/10/31 23:15:56 [Time: 172] Server: 
2023/10/31 23:15:56 [Time: 173] Server: 
2023/10/31 23:15:56 [Time: 174] Server: 
2023/10/31 23:15:56 [Time: 175] Server: 
2023/10/31 23:15:56 [Time: 176] Server: 
2023/10/31 23:15:56 [Time: 177] Server: 
2023/10/31 23:15:56 [Time: 178] Server: 
2023/10/31 23:15:56 [Time: 179] Server: 
2023/10/31 23:15:56 [Time: 180] Server: 
2023/10/31 23:15:56 [Time: 181] Server: 
2023/10/31 23:15:56 [Time: 182] Server: 
2023/10/31 23:15:56 [Time: 183] Server: 
2023/10/31 23:15:56 [Time: 184] Server: 
2023/10/31 23:15:56 [Time: 185] Server: 
2023/10/31 23:15:56 [Time: 186] Server: 
2023/10/31 23:15:56 [Time: 187] Server: 
2023/10/31 23:15:56 [Time: 188] Server: 
2023/10/31 23:15:56 [Time: 189] Server: 
2023/10/31 23:15:56 [Time: 190] Server: 
2023/10/31 23:15:56 [Time: 191] Server: 
2023/10/31 23:15:56 [Time: 192] Server: 
2023/10/31 23:15:56 [Time: 193] Server: 
2023/10/31 23:15:56 [Time: 194] Server: 
2023/10/31 23:15:56 [Time: 195] Server: 
2023/10/31 23:15:56 [Time: 196] Server: 
2023/10/31 23:15:56 [Time: 197] Server: 
2023/10/31 23:15:56 [Time: 198] Server: 
2023/10/31 23:15:56 [Time: 199] Server: 
2023/10/31 23:15:56 [Time: 200] Server: 
2023/10/31 23:15:56 [Time: 201] Server: 
2023/10/31 23:15:56 [Time: 202] Server: 
2023/10/31 23:15:56 [Time: 203] Server: 
2023/10/31 23:15:56 [Time: 204] Server: 
2023/10/31 23:15:56 [Time: 205] Server: 
2023/10/31 23:15:56 [Time: 206] Server: 
2023/10/31 23:15:56 [Time: 207] Server: 
2023/10/31 23:15:56 [Time: 208] Server: 
2023/10/31 23:15:56 [Time: 209] Server: 
2023/10/31 23:15:56 [Time: 210] Server: 
2023/10/31 23:15:56 [Time: 211] Server: 
2023/10/31 23:15:56 [Time: 212] Server: 
2023/10/31 23:15:56 [Time: 213] Server: 
2023/10/31 23:15:56 [Time: 214] Server: 
2023/10/31 23:15:56 [Time: 215] Server: 
2023/10/31 23:15:56 [Time: 216] Server: 
2023/10/31 23:15:56 [Time: 217] Server: 
2023/10/31 23:15:56 [Time: 218] Server: 
2023/10/31 23:15:56 [Time: 219] Server: 
2023/10/31 23:15:56 [Time: 220] Server: 
2023/10/31 23:15:56 [Time: 221] Server: 
2023/10/31 23:15:56 [Time: 222] Server: 
2023/10/31 23:15:56 [Time: 223] Server: 
2023/10/31 23:15:56 [Time: 224] Server: 
2023/10/31 23:15:56 [Time: 225] Server: 
2023/10/31 23:15:56 [Time: 226] Server: 
2023/10/31 23:15:56 [Time: 227] Server: 
2023/10/31 23:15:56 [Time: 228] Server: 
2023/10/31 23:15:56 [Time: 229] Server: 
2023/10/31 23:15:56 [Time: 230] Server: 
2023/10/31 23:15:56 [Time: 231] Server: 
2023/10/31 23:15:56 [Time: 232] Server: 
2023/10/31 23:15:56 [Time: 233] Server: 
2023/10/31 23:15:56 [Time: 234] Server: 
2023/10/31 23:15:56 [Time: 235] Server: 
2023/10/31 23:15:56 [Time: 236] Server: 
2023/10/31 23:15:56 [Time: 237] Server: 
2023/10/31 23:15:56 [Time: 238] Server: 
2023/10/31 23:15:56 [Time: 239] Server: 
2023/10/31 23:15:56 [Time: 240] Server: 
2023/10/31 23:15:56 [Time: 241] Server: 
2023/10/31 23:15:56 [Time: 242] Server: 
2023/10/31 23:15:56 [Time: 243] Server: 
2023/10/31 23:15:56 [Time: 244] Server: 
2023/10/31 23:15:56 [Time: 245] Server: 
2023/10/31 23:15:56 [Time: 246] Server: 
2023/10/31 23:15:56 [Time: 247] Server: 
2023/10/31 23:15:56 [Time: 248] Server: 
2023/10/31 23:15:56 [Time: 249] Server: 
2023/10/31 23:15:56 [Time: 250] Server: 
2023/10/31 23:15:56 [Time: 251] Server: 
2023/10/31 23:15:56 [Time: 252] Server: 
2023/10/31 23:15:56 [Time: 253] Server: 
2023/10/31 23:15:56 [Time: 254] Server: 
2023/10/31 23:15:56 [Time: 255] Server: 
2023/10/31 23:15:56 [Time: 256] Server: 
2023/10/31 23:15:57 [Time: 257] Server: 
2023/10/31 23:15:57 [Time: 258] Server: 
2023/10/31 23:15:57 [Time: 259] Server: 
2023/10/31 23:15:57 [Time: 260] Server: 
2023/10/31 23:15:57 [Time: 261] Server: 
2023/10/31 23:15:57 [Time: 262] Server: 
2023/10/31 23:15:57 [Time: 263] Server: 
2023/10/31 23:15:57 [Time: 264] Server: 
2023/10/31 23:15:57 [Time: 265] Server: 
2023/10/31 23:15:57 [Time: 266] Server: 
2023/10/31 23:15:57 [Time: 267] Server: 
2023/10/31 23:15:57 [Time: 268] Server: 
2023/10/31 23:15:57 [Time: 269] Server: 
2023/10/31 23:15:57 [Time: 270] Server: 
2023/10/31 23:15:57 [Time: 271] Server: 
2023/10/31 23:15:57 [Time: 272] Server: 
2023/10/31 23:15:57 [Time: 273] Server: 
2023/10/31 23:15:57 [Time: 274] Server: 
2023/10/31 23:15:57 [Time: 275] Server: 
2023/10/31 23:15:57 [Time: 276] Server: 
2023/10/31 23:15:57 [Time: 277] Server: 
2023/10/31 23:15:57 [Time: 278] Server: 
2023/10/31 23:15:57 [Time: 279] Server: 
2023/10/31 23:15:57 [Time: 280] Server: 
2023/10/31 23:15:57 [Time: 281] Server: 
2023/10/31 23:15:57 [Time: 282] Server: 
2023/10/31 23:15:57 [Time: 283] Server: 
2023/10/31 23:15:57 [Time: 284] Server: 
2023/10/31 23:15:57 [Time: 285] Server: 
2023/10/31 23:15:57 [Time: 286] Server: 
2023/10/31 23:15:57 [Time: 287] Server: 
2023/10/31 23:15:57 [Time: 288] Server: 
2023/10/31 23:15:57 [Time: 289] Server: 
2023/10/31 23:15:57 [Time: 290] Server: 
2023/10/31 23:15:57 [Time: 291] Server: 
2023/10/31 23:15:57 [Time: 292] Server: 
2023/10/31 23:15:57 [Time: 293] Server: 
2023/10/31 23:15:57 [Time: 294] Server: 
2023/10/31 23:15:57 [Time: 295] Server: 
2023/10/31 23:15:57 [Time: 296] Server: 
2023/10/31 23:15:57 [Time: 297] Server: 
2023/10/31 23:15:57 [Time: 298] Server: 
2023/10/31 23:15:57 [Time: 299] Server: 
2023/10/31 23:15:57 [Time: 300] Server: 
2023/10/31 23:15:57 [Time: 301] Server: 
2023/10/31 23:15:57 [Time: 302] Server: 
2023/10/31 23:15:57 [Time: 303] Server: 
2023/10/31 23:15:57 [Time: 304] Server: 
2023/10/31 23:15:57 [Time: 305] Server: 
2023/10/31 23:15:57 [Time: 306] Server: 
2023/10/31 23:15:57 [Time: 307] Server: 
2023/10/31 23:15:57 [Time: 308] Server: 
2023/10/31 23:15:57 [Time: 309] Server: 
2023/10/31 23:15:57 [Time: 310] Server: 
2023/10/31 23:15:57 [Time: 311] Server: 
2023/10/31 23:15:57 [Time: 312] Server: 
2023/10/31 23:15:57 [Time: 313] Server: 
2023/10/31 23:15:57 [Time: 314] Server: 
2023/10/31 23:15:57 [Time: 315] Server: 
2023/10/31 23:15:57 [Time: 316] Server: 
2023/10/31 23:15:57 [Time: 317] Server: 
2023/10/31 23:15:57 [Time: 318] Server: 
2023/10/31 23:15:57 [Time: 319] Server: 
2023/10/31 23:15:57 [Time: 320] Server: 
2023/10/31 23:15:57 [Time: 321] Server: 
2023/10/31 23:15:57 [Time: 322] Server: 
2023/10/31 23:15:57 [Time: 323] Server: 
2023/10/31 23:15:57 [Time: 324] Server: 
2023/10/31 23:15:57 [Time: 325] Server: 
2023/10/31 23:15:57 [Time: 326] Server: 
2023/10/31 23:15:57 [Time: 327] Server: 
2023/10/31 23:15:57 [Time: 328] Server: 
2023/10/31 23:15:57 [Time: 329] Server: 
2023/10/31 23:15:57 [Time: 330] Server: 
2023/10/31 23:15:57 [Time: 331] Server: 
2023/10/31 23:15:57 [Time: 332] Server: 
2023/10/31 23:15:57 [Time: 333] Server: 
2023/10/31 23:15:57 [Time: 334] Server: 
2023/10/31 23:15:57 [Time: 335] Server: 
2023/10/31 23:15:57 [Time: 336] Server: 
2023/10/31 23:15:57 [Time: 337] Server: 
2023/10/31 23:15:57 [Time: 338] Server: 
2023/10/31 23:15:57 [Time: 339] Server: 
2023/10/31 23:15:57 [Time: 340] Server: 
2023/10/31 23:15:57 [Time: 341] Server: 
2023/10/31 23:15:57 [Time: 342] Server: 
2023/10/31 23:15:57 [Time: 343] Server: 
2023/10/31 23:15:57 [Time: 344] Server: 
2023/10/31 23:15:57 [Time: 345] Server: 
2023/10/31 23:15:57 [Time: 346] Server: 
2023/10/31 23:15:57 [Time: 347] Server: 
2023/10/31 23:15:57 [Time: 348] Server: 
2023/10/31 23:15:57 [Time: 349] Server: 
2023/10/31 23:15:57 [Time: 350] Server: 
2023/10/31 23:15:57 [Time: 351] Server: 
2023/10/31 23:15:57 [Time: 352] Server: 
2023/10/31 23:15:57 [Time: 353] Server: 
2023/10/31 23:15:57 [Time: 354] Server: 
2023/10/31 23:15:57 [Time: 355] Server: 
2023/10/31 23:15:57 [Time: 356] Server: 
2023/10/31 23:15:57 [Time: 357] Server: 
2023/10/31 23:15:57 [Time: 358] Server: 
2023/10/31 23:15:57 [Time: 359] Server: 
2023/10/31 23:15:57 [Time: 360] Server: 
2023/10/31 23:15:57 [Time: 361] Server: 
2023/10/31 23:15:57 [Time: 362] Server: 
2023/10/31 23:15:57 [Time: 363] Server: 
2023/10/31 23:15:57 [Time: 364] Server: 
2023/10/31 23:15:57 [Time: 365] Server: 
2023/10/31 23:15:57 [Time: 366] Server: 
2023/10/31 23:15:57 [Time: 367] Server: 
2023/10/31 23:15:57 [Time: 368] Server: 
2023/10/31 23:15:57 [Time: 369] Server: 
2023/10/31 23:15:57 [Time: 370] Server: 
2023/10/31 23:15:57 [Time: 371] Server: 
2023/10/31 23:15:57 [Time: 372] Server: 
2023/10/31 23:15:57 [Time: 373] Server: 
2023/10/31 23:15:57 [Time: 374] Server: 
2023/10/31 23:15:57 [Time: 375] Server: 
2023/10/31 23:15:57 [Time: 376] Server: 
2023/10/31 23:15:57 [Time: 377] Server: 
2023/10/31 23:15:57 [Time: 378] Server: 
2023/10/31 23:15:57 [Time: 379] Server: 
2023/10/31 23:15:57 [Time: 380] Server: 
2023/10/31 23:15:57 [Time: 381] Server: 
2023/10/31 23:15:57 [Time: 382] Server: 
2023/10/31 23:15:57 [Time: 383] Server: 
2023/10/31 23:15:57 [Time: 384] Server: 
2023/10/31 23:15:57 [Time: 385] Server: 
2023/10/31 23:15:57 [Time: 386] Server: 
2023/10/31 23:15:57 [Time: 387] Server: 
2023/10/31 23:15:57 [Time: 388] Server: 
2023/10/31 23:15:57 [Time: 389] Server: 
2023/10/31 23:15:57 [Time: 390] Server: 
2023/10/31 23:15:57 [Time: 391] Server: 
2023/10/31 23:15:57 [Time: 392] Server: 
2023/10/31 23:15:57 [Time: 393] Server: 
2023/10/31 23:15:57 [Time: 394] Server: 
2023/10/31 23:15:57 [Time: 395] Server: 
2023/10/31 23:15:57 [Time: 396] Server: 
2023/10/31 23:15:57 [Time: 397] Server: 
2023/10/31 23:15:57 [Time: 398] Server: 
2023/10/31 23:15:57 [Time: 399] Server: 
2023/10/31 23:15:57 [Time: 400] Server: 
2023/10/31 23:15:57 [Time: 401] Server: 
2023/10/31 23:15:57 [Time: 402] Server: 
2023/10/31 23:15:57 [Time: 403] Server: 
2023/10/31 23:15:57 [Time: 404] Server: 
2023/10/31 23:15:57 [Time: 405] Server: 
2023/10/31 23:15:57 [Time: 406] Server: 
2023/10/31 23:15:57 [Time: 407] Server: 
2023/10/31 23:15:57 [Time: 408] Server: 
2023/10/31 23:15:57 [Time: 409] Server: 
2023/10/31 23:15:57 [Time: 410] Server: 
2023/10/31 23:15:57 [Time: 411] Server: 
2023/10/31 23:15:57 [Time: 412] Server: 
2023/10/31 23:15:57 [Time: 413] Server: 
2023/10/31 23:15:57 [Time: 414] Server: 
2023/10/31 23:15:57 [Time: 415] Server: 
2023/10/31 23:15:57 [Time: 416] Server: 
2023/10/31 23:15:57 [Time: 417] Server: 
2023/10/31 23:15:57 [Time: 418] Server: 
2023/10/31 23:15:57 [Time: 419] Server: 
2023/10/31 23:15:57 [Time: 420] Server: 
2023/10/31 23:15:57 [Time: 421] Server: 
2023/10/31 23:15:57 [Time: 422] Server: 
2023/10/31 23:15:57 [Time: 423] Server: 
2023/10/31 23:15:57 [Time: 424] Server: 
2023/10/31 23:15:58 [Time: 425] Server: 
2023/10/31 23:15:58 [Time: 426] Server: 
2023/10/31 23:15:58 [Time: 427] Server: 
2023/10/31 23:15:58 [Time: 428] Server: 
2023/10/31 23:15:58 [Time: 429] Server: 
2023/10/31 23:15:58 [Time: 430] Server: 
2023/10/31 23:15:58 [Time: 431] Server: 
2023/10/31 23:15:58 [Time: 432] Server: 
2023/10/31 23:15:58 [Time: 433] Server: 
2023/10/31 23:15:58 [Time: 434] Server: 
2023/10/31 23:15:58 [Time: 435] Server: 
2023/10/31 23:15:58 [Time: 436] Server: 
2023/10/31 23:15:58 [Time: 437] Server: 
2023/10/31 23:15:58 [Time: 438] Server: 
2023/10/31 23:15:58 [Time: 439] Server: 
2023/10/31 23:15:58 [Time: 440] Server: 
2023/10/31 23:15:58 [Time: 441] Server: 
2023/10/31 23:15:58 [Time: 442] Server: 
2023/10/31 23:15:58 [Time: 443] Server: 
2023/10/31 23:15:58 [Time: 444] Server: 
2023/10/31 23:15:58 [Time: 445] Server: 
2023/10/31 23:15:58 [Time: 446] Server: 
2023/10/31 23:15:58 [Time: 447] Server: 
2023/10/31 23:15:58 [Time: 448] Server: 
2023/10/31 23:15:58 [Time: 449] Server: 
2023/10/31 23:15:58 [Time: 450] Server: 
2023/10/31 23:15:58 [Time: 451] Server: 
2023/10/31 23:15:58 [Time: 452] Server: 
2023/10/31 23:15:58 [Time: 453] Server: 
2023/10/31 23:15:58 [Time: 454] Server: 
2023/10/31 23:15:58 [Time: 455] Server: 
2023/10/31 23:15:58 [Time: 456] Server: 
2023/10/31 23:15:58 [Time: 457] Server: 
2023/10/31 23:15:58 [Time: 458] Server: 
2023/10/31 23:15:58 [Time: 459] Server: 
2023/10/31 23:15:58 [Time: 460] Server: 
2023/10/31 23:15:58 [Time: 461] Server: 
2023/10/31 23:15:58 [Time: 462] Server: 
2023/10/31 23:15:58 [Time: 463] Server: 
2023/10/31 23:15:58 [Time: 464] Server: 
2023/10/31 23:15:58 [Time: 465] Server: 
2023/10/31 23:15:58 [Time: 466] Server: 
2023/10/31 23:15:58 [Time: 467] Server: 
2023/10/31 23:15:58 [Time: 468] Server: 
2023/10/31 23:15:58 [Time: 469] Server: 
2023/10/31 23:15:58 [Time: 470] Server: 
2023/10/31 23:15:58 [Time: 471] Server: 
2023/10/31 23:15:58 [Time: 472] Server: 
2023/10/31 23:15:58 [Time: 473] Server: 
2023/10/31 23:15:58 [Time: 474] Server: 
2023/10/31 23:15:58 [Time: 475] Server: 
2023/10/31 23:15:58 [Time: 476] Server: 
2023/10/31 23:15:58 [Time: 477] Server: 
2023/10/31 23:15:58 [Time: 478] Server: 
2023/10/31 23:15:58 [Time: 479] Server: 
2023/10/31 23:15:58 [Time: 480] Server: 
2023/10/31 23:15:58 [Time: 481] Server: 
2023/10/31 23:15:58 [Time: 482] Server: 
2023/10/31 23:15:58 [Time: 483] Server: 
2023/10/31 23:15:58 [Time: 484] Server: 
2023/10/31 23:15:58 [Time: 485] Server: 
2023/10/31 23:15:58 [Time: 486] Server: 
2023/10/31 23:15:58 [Time: 487] Server: 
2023/10/31 23:15:58 [Time: 488] Server: 
2023/10/31 23:15:58 [Time: 489] Server: 
2023/10/31 23:15:58 [Time: 490] Server: 
2023/10/31 23:15:58 [Time: 491] Server: 
2023/10/31 23:15:58 [Time: 492] Server: 
2023/10/31 23:15:58 [Time: 493] Server: 
2023/10/31 23:15:58 [Time: 494] Server: 
2023/10/31 23:15:58 [Time: 495] Server: 
2023/10/31 23:15:58 [Time: 496] Server: 
2023/10/31 23:15:58 [Time: 497] Server: 
2023/10/31 23:15:58 [Time: 498] Server: 
2023/10/31 23:15:58 [Time: 499] Server: 
2023/10/31 23:15:58 [Time: 500] Server: 
2023/10/31 23:15:58 [Time: 501] Server: 
2023/10/31 23:15:58 [Time: 502] Server: 
2023/10/31 23:15:58 [Time: 503] Server: 
2023/10/31 23:15:58 [Time: 504] Server: 
2023/10/31 23:15:58 [Time: 505] Server: 
2023/10/31 23:15:58 [Time: 506] Server: 
2023/10/31 23:15:58 [Time: 507] Server: 
2023/10/31 23:15:58 [Time: 508] Server: 
2023/10/31 23:15:58 [Time: 509] Server: 
2023/10/31 23:15:58 [Time: 510] Server: 
2023/10/31 23:15:58 [Time: 511] Server: 
2023/10/31 23:15:58 [Time: 512] Server: 
2023/10/31 23:15:58 [Time: 513] Server: 
2023/10/31 23:15:58 [Time: 514] Server: 
2023/10/31 23:15:58 [Time: 515] Server: 
2023/10/31 23:15:58 [Time: 516] Server: 
2023/10/31 23:15:58 [Time: 517] Server: 
2023/10/31 23:15:58 [Time: 518] Server: 
2023/10/31 23:15:58 [Time: 519] Server: 
2023/10/31 23:15:58 [Time: 520] Server: 
2023/10/31 23:15:58 [Time: 521] Server: 
2023/10/31 23:15:58 [Time: 522] Server: 
2023/10/31 23:15:58 [Time: 523] Server: 
2023/10/31 23:15:58 [Time: 524] Server: 
2023/10/31 23:15:58 [Time: 525] Server: 
2023/10/31 23:15:58 [Time: 526] Server: 
2023/10/31 23:15:58 [Time: 527] Server: 
2023/10/31 23:15:58 [Time: 528] Server: 
2023/10/31 23:15:58 [Time: 529] Server: 
2023/10/31 23:15:58 [Time: 530] Server: 
2023/10/31 23:15:58 [Time: 531] Server: 
2023/10/31 23:15:58 [Time: 532] Server: 
2023/10/31 23:15:58 [Time: 533] Server: 
2023/10/31 23:15:58 [Time: 534] Server: 
2023/10/31 23:15:58 [Time: 535] Server: 
2023/10/31 23:15:58 [Time: 536] Server: 
2023/10/31 23:15:58 [Time: 537] Server: 
2023/10/31 23:15:58 [Time: 538] Server: 
2023/10/31 23:15:58 [Time: 539] Server: 
2023/10/31 23:15:58 [Time: 540] Server: 
2023/10/31 23:15:58 [Time: 541] Server: 
2023/10/31 23:15:58 [Time: 542] Server: 
2023/10/31 23:15:58 [Time: 543] Server: 
2023/10/31 23:15:58 [Time: 544] Server: 
2023/10/31 23:15:58 [Time: 545] Server: 
2023/10/31 23:15:58 [Time: 546] Server: 
2023/10/31 23:15:58 [Time: 547] Server: 
2023/10/31 23:15:58 [Time: 548] Server: 
2023/10/31 23:15:58 [Time: 549] Server: 
2023/10/31 23:15:58 [Time: 550] Server: 
2023/10/31 23:15:58 [Time: 551] Server: 
2023/10/31 23:15:58 [Time: 552] Server: 
2023/10/31 23:15:58 [Time: 553] Server: 
2023/10/31 23:15:58 [Time: 554] Server: 
2023/10/31 23:15:58 [Time: 555] Server: 
2023/10/31 23:15:58 [Time: 556] Server: 
2023/10/31 23:15:58 [Time: 557] Server: 
2023/10/31 23:15:58 [Time: 558] Server: 
2023/10/31 23:15:58 [Time: 559] Server: 
2023/10/31 23:15:58 [Time: 560] Server: 
2023/10/31 23:15:58 [Time: 561] Server: 
2023/10/31 23:15:58 [Time: 562] Server: 
2023/10/31 23:15:58 [Time: 563] Server: 
2023/10/31 23:15:58 [Time: 564] Server: 
2023/10/31 23:15:58 [Time: 565] Server: 
2023/10/31 23:15:58 [Time: 566] Server: 
2023/10/31 23:15:58 [Time: 567] Server: 
2023/10/31 23:15:58 [Time: 568] Server: 
2023/10/31 23:15:58 [Time: 569] Server: 
2023/10/31 23:15:58 [Time: 570] Server: 
2023/10/31 23:15:58 [Time: 571] Server: 
2023/10/31 23:15:58 [Time: 572] Server: 
2023/10/31 23:15:58 [Time: 573] Server: 
2023/10/31 23:15:58 [Time: 574] Server: 
2023/10/31 23:15:58 [Time: 575] Server: 
2023/10/31 23:15:58 [Time: 576] Server: 
2023/10/31 23:15:58 [Time: 577] Server: 
2023/10/31 23:15:58 [Time: 578] Server: 
2023/10/31 23:15:58 [Time: 579] Server: 
2023/10/31 23:15:58 [Time: 580] Server: 
2023/10/31 23:15:58 [Time: 581] Server: 
2023/10/31 23:15:58 [Time: 582] Server: 
2023/10/31 23:15:58 [Time: 583] Server: 
2023/10/31 23:15:58 [Time: 584] Server: 
2023/10/31 23:15:58 [Time: 585] Server: 
2023/10/31 23:15:58 [Time: 586] Server: 
2023/10/31 23:15:58 [Time: 587] Server: 
2023/10/31 23:15:58 [Time: 588] Server: 
2023/10/31 23:15:58 [Time: 589] Server: 
2023/10/31 23:15:58 [Time: 590] Server: 
2023/10/31 23:15:58 [Time: 591] Server: 
2023/10/31 23:15:59 [Time: 592] Server: 
2023/10/31 23:15:59 [Time: 593] Server: 
2023/10/31 23:15:59 [Time: 594] Server: 
2023/10/31 23:15:59 [Time: 595] Server: 
2023/10/31 23:15:59 [Time: 596] Server: 
2023/10/31 23:15:59 [Time: 597] Server: 
2023/10/31 23:15:59 [Time: 598] Server: 
2023/10/31 23:15:59 [Time: 599] Server: 
2023/10/31 23:15:59 [Time: 600] Server: 
2023/10/31 23:15:59 [Time: 601] Server: 
2023/10/31 23:15:59 [Time: 602] Server: 
2023/10/31 23:15:59 [Time: 603] Server: 
2023/10/31 23:15:59 [Time: 604] Server: 
2023/10/31 23:15:59 [Time: 605] Server: 
2023/10/31 23:15:59 [Time: 606] Server: 
2023/10/31 23:15:59 [Time: 607] Server: 
2023/10/31 23:15:59 [Time: 608] Server: 
2023/10/31 23:15:59 [Time: 609] Server: 
2023/10/31 23:15:59 [Time: 610] Server: 
2023/10/31 23:15:59 [Time: 611] Server: 
2023/10/31 23:15:59 [Time: 612] Server: 
2023/10/31 23:15:59 [Time: 613] Server: 
2023/10/31 23:15:59 [Time: 614] Server: 
2023/10/31 23:15:59 [Time: 615] Server: 
2023/10/31 23:15:59 [Time: 616] Server: 
2023/10/31 23:15:59 [Time: 617] Server: 
2023/10/31 23:15:59 [Time: 618] Server: 
2023/10/31 23:15:59 [Time: 619] Server: 
2023/10/31 23:15:59 [Time: 620] Server: 
2023/10/31 23:15:59 [Time: 621] Server: 
2023/10/31 23:15:59 [Time: 622] Server: 
2023/10/31 23:15:59 [Time: 623] Server: 
2023/10/31 23:15:59 [Time: 624] Server: 
2023/10/31 23:15:59 [Time: 625] Server: 
2023/10/31 23:15:59 [Time: 626] Server: 
2023/10/31 23:15:59 [Time: 627] Server: 
2023/10/31 23:15:59 [Time: 628] Server: 
2023/10/31 23:15:59 [Time: 629] Server: 
2023/10/31 23:15:59 [Time: 630] Server: 
2023/10/31 23:15:59 [Time: 631] Server: 
2023/10/31 23:15:59 [Time: 632] Server: 
2023/10/31 23:15:59 [Time: 633] Server: 
2023/10/31 23:15:59 [Time: 634] Server: 
2023/10/31 23:15:59 [Time: 635] Server: 
2023/10/31 23:15:59 [Time: 636] Server: 
2023/10/31 23:15:59 [Time: 637] Server: 
2023/10/31 23:15:59 [Time: 638] Server: 
2023/10/31 23:15:59 [Time: 639] Server: 
2023/10/31 23:15:59 [Time: 640] Server: 
2023/10/31 23:15:59 [Time: 641] Server: 
2023/10/31 23:15:59 [Time: 642] Server: 
2023/10/31 23:15:59 [Time: 643] Server: 
2023/10/31 23:15:59 [Time: 644] Server: 
2023/10/31 23:15:59 [Time: 645] Server: 
2023/10/31 23:15:59 [Time: 646] Server: 
2023/10/31 23:15:59 [Time: 647] Server: 
2023/10/31 23:15:59 [Time: 648] Server: 
2023/10/31 23:15:59 [Time: 649] Server: 
2023/10/31 23:15:59 [Time: 650] Server: 
2023/10/31 23:15:59 [Time: 651] Server: 
2023/10/31 23:15:59 [Time: 652] Server: 
2023/10/31 23:15:59 [Time: 653] Server: 
2023/10/31 23:15:59 [Time: 654] Server: 
2023/10/31 23:15:59 [Time: 655] Server: 
2023/10/31 23:15:59 [Time: 656] Server: 
2023/10/31 23:15:59 [Time: 657] Server: 
2023/10/31 23:15:59 [Time: 658] Server: 
2023/10/31 23:15:59 [Time: 659] Server: 
2023/10/31 23:15:59 [Time: 660] Server: 
2023/10/31 23:15:59 [Time: 661] Server: 
2023/10/31 23:15:59 [Time: 662] Server: 
2023/10/31 23:15:59 [Time: 663] Server: 
2023/10/31 23:15:59 [Time: 664] Server: 
2023/10/31 23:15:59 [Time: 665] Server: 
2023/10/31 23:15:59 [Time: 666] Server: 
2023/10/31 23:15:59 [Time: 667] Server: 
2023/10/31 23:15:59 [Time: 668] Server: 
2023/10/31 23:15:59 [Time: 669] Server: 
2023/10/31 23:15:59 [Time: 670] Server: 
2023/10/31 23:15:59 [Time: 671] Server: 
2023/10/31 23:15:59 [Time: 672] Server: 
2023/10/31 23:15:59 [Time: 673] Server: 
2023/10/31 23:15:59 [Time: 674] Server: 
2023/10/31 23:15:59 [Time: 675] Server: 
2023/10/31 23:15:59 [Time: 676] Server: 
2023/10/31 23:15:59 [Time: 677] Server: 
2023/10/31 23:15:59 [Time: 678] Server: 
2023/10/31 23:15:59 [Time: 679] Server: 
2023/10/31 23:15:59 [Time: 680] Server: 
2023/10/31 23:15:59 [Time: 681] Server: 
2023/10/31 23:15:59 [Time: 682] Server: 
2023/10/31 23:15:59 [Time: 683] Server: 
2023/10/31 23:15:59 [Time: 684] Server: 
2023/10/31 23:15:59 [Time: 685] Server: 
2023/10/31 23:15:59 [Time: 686] Server: 
2023/10/31 23:15:59 [Time: 687] Server: 
2023/10/31 23:15:59 [Time: 688] Server: 
2023/10/31 23:15:59 [Time: 689] Server: 
2023/10/31 23:15:59 [Time: 690] Server: 
2023/10/31 23:15:59 [Time: 691] Server: 
2023/10/31 23:15:59 [Time: 692] Server: 
2023/10/31 23:15:59 [Time: 693] Server: 
2023/10/31 23:15:59 [Time: 694] Server: 
2023/10/31 23:15:59 [Time: 695] Server: 
2023/10/31 23:15:59 [Time: 696] Server: 
2023/10/31 23:15:59 [Time: 697] Server: 
2023/10/31 23:15:59 [Time: 698] Server: 
2023/10/31 23:15:59 [Time: 699] Server: 
2023/10/31 23:15:59 [Time: 700] Server: 
2023/10/31 23:15:59 [Time: 701] Server: 
2023/10/31 23:15:59 [Time: 702] Server: 
2023/10/31 23:15:59 [Time: 703] Server: 
2023/10/31 23:15:59 [Time: 704] Server: 
2023/10/31 23:15:59 [Time: 705] Server: 
2023/10/31 23:15:59 [Time: 706] Server: 
2023/10/31 23:15:59 [Time: 707] Server: 
2023/10/31 23:15:59 [Time: 708] Server: 
2023/10/31 23:15:59 [Time: 709] Server: 
2023/10/31 23:15:59 [Time: 710] Server: 
2023/10/31 23:15:59 [Time: 711] Server: 
2023/10/31 23:15:59 [Time: 712] Server: 
2023/10/31 23:15:59 [Time: 713] Server: 
2023/10/31 23:15:59 [Time: 714] Server: 
2023/10/31 23:15:59 [Time: 715] Server: 
2023/10/31 23:15:59 [Time: 716] Server: 
2023/10/31 23:15:59 [Time: 717] Server: 
2023/10/31 23:15:59 [Time: 718] Server: 
2023/10/31 23:15:59 [Time: 719] Server: 
2023/10/31 23:15:59 [Time: 720] Server: 
2023/10/31 23:15:59 [Time: 721] Server: 
2023/10/31 23:15:59 [Time: 722] Server: 
2023/10/31 23:15:59 [Time: 723] Server: 
2023/10/31 23:15:59 [Time: 724] Server: 
2023/10/31 23:15:59 [Time: 725] Server: 
2023/10/31 23:15:59 [Time: 726] Server: 
2023/10/31 23:15:59 [Time: 727] Server: 
2023/10/31 23:16:00 [Time: 728] Server: 
2023/10/31 23:16:00 [Time: 729] Server: 
2023/10/31 23:16:00 [Time: 730] Server: 
2023/10/31 23:16:00 [Time: 731] Server: 
2023/10/31 23:16:00 [Time: 732] Server: 
2023/10/31 23:16:00 [Time: 733] Server: 
2023/10/31 23:16:00 [Time: 734] Server: 
2023/10/31 23:16:00 [Time: 735] Server: 
2023/10/31 23:16:00 [Time: 736] Server: 
2023/10/31 23:16:00 [Time: 737] Server: 
2023/10/31 23:16:00 [Time: 738] Server: 
2023/10/31 23:16:00 [Time: 739] Server: 
2023/10/31 23:16:00 [Time: 740] Server: 
2023/10/31 23:16:00 [Time: 741] Server: 
2023/10/31 23:16:00 [Time: 742] Server: 
2023/10/31 23:16:00 [Time: 743] Server: 
2023/10/31 23:16:00 [Time: 744] Server: 
2023/10/31 23:16:00 [Time: 745] Server: 
2023/10/31 23:16:00 [Time: 746] Server: 
2023/10/31 23:16:00 [Time: 747] Server: 
2023/10/31 23:16:00 [Time: 748] Server: 
2023/10/31 23:16:00 [Time: 749] Server: 
2023/10/31 23:16:00 [Time: 750] Server: 
2023/10/31 23:16:00 [Time: 751] Server: 
2023/10/31 23:16:00 [Time: 752] Server: 
2023/10/31 23:16:00 [Time: 753] Server: 
2023/10/31 23:16:00 [Time: 754] Server: 
2023/10/31 23:16:00 [Time: 755] Server: 
2023/10/31 23:16:00 [Time: 756] Server: 
2023/10/31 23:16:00 [Time: 757] Server: 
2023/10/31 23:16:00 [Time: 758] Server: 
2023/10/31 23:16:00 [Time: 759] Server: 
2023/10/31 23:16:00 [Time: 760] Server: 
2023/10/31 23:16:00 [Time: 761] Server: 
2023/10/31 23:16:00 [Time: 762] Server: 
2023/10/31 23:16:00 [Time: 763] Server: 
2023/10/31 23:16:00 [Time: 764] Server: 
2023/10/31 23:16:00 [Time: 765] Server: 
2023/10/31 23:16:00 [Time: 766] Server: 
2023/10/31 23:16:00 [Time: 767] Server: 
2023/10/31 23:16:00 [Time: 768] Server: 
2023/10/31 23:16:00 [Time: 769] Server: 
2023/10/31 23:16:00 [Time: 770] Server: 
2023/10/31 23:16:00 [Time: 771] Server: 
2023/10/31 23:16:00 [Time: 772] Server: 
2023/10/31 23:16:00 [Time: 773] Server: 
2023/10/31 23:16:00 [Time: 774] Server: 
2023/10/31 23:16:00 [Time: 775] Server: 
2023/10/31 23:16:00 [Time: 776] Server: 
2023/10/31 23:16:00 [Time: 777] Server: 
2023/10/31 23:16:00 [Time: 778] Server: 
2023/10/31 23:16:00 [Time: 779] Server: 
2023/10/31 23:16:00 [Time: 780] Server: 
2023/10/31 23:16:00 [Time: 781] Server: 
2023/10/31 23:16:00 [Time: 782] Server: 
2023/10/31 23:16:00 [Time: 783] Server: 
2023/10/31 23:16:00 [Time: 784] Server: 
2023/10/31 23:16:00 [Time: 785] Server: 
2023/10/31 23:16:00 [Time: 786] Server: 
2023/10/31 23:16:00 [Time: 787] Server: 
2023/10/31 23:16:00 [Time: 788] Server: 
2023/10/31 23:16:00 [Time: 789] Server: 
2023/10/31 23:16:00 [Time: 790] Server: 
2023/10/31 23:16:00 [Time: 791] Server: 
2023/10/31 23:16:00 [Time: 792] Server: 
2023/10/31 23:16:00 [Time: 793] Server: 
2023/10/31 23:16:00 [Time: 794] Server: 
2023/10/31 23:16:00 [Time: 795] Server: 
2023/10/31 23:16:00 [Time: 796] Server: 
2023/10/31 23:16:00 [Time: 797] Server: 
2023/10/31 23:16:00 [Time: 798] Server: 
2023/10/31 23:16:00 [Time: 799] Server: 
2023/10/31 23:16:00 [Time: 800] Server: 
2023/10/31 23:16:00 [Time: 801] Server: 
2023/10/31 23:16:00 [Time: 802] Server: 
2023/10/31 23:16:00 [Time: 803] Server: 
2023/10/31 23:16:00 [Time: 804] Server: 
2023/10/31 23:16:00 [Time: 805] Server: 
2023/10/31 23:16:00 [Time: 806] Server: 
2023/10/31 23:16:00 [Time: 807] Server: 
2023/10/31 23:16:00 [Time: 808] Server: 
2023/10/31 23:16:00 [Time: 809] Server: 
2023/10/31 23:16:00 [Time: 810] Server: 
2023/10/31 23:16:00 [Time: 811] Server: 
2023/10/31 23:16:00 [Time: 812] Server: 
2023/10/31 23:16:00 [Time: 813] Server: 
2023/10/31 23:16:00 [Time: 814] Server: 
2023/10/31 23:16:00 [Time: 815] Server: 
2023/10/31 23:16:00 [Time: 816] Server: 
2023/10/31 23:16:00 [Time: 817] Server: 
2023/10/31 23:16:00 [Time: 818] Server: 
2023/10/31 23:16:00 [Time: 819] Server: 
2023/10/31 23:16:00 [Time: 820] Server: 
2023/10/31 23:16:00 [Time: 821] Server: 
2023/10/31 23:16:00 [Time: 822] Server: 
2023/10/31 23:16:00 [Time: 823] Server: 
2023/10/31 23:16:00 [Time: 824] Server: 
2023/10/31 23:16:00 [Time: 825] Server: 
2023/10/31 23:16:00 [Time: 826] Server: 
2023/10/31 23:16:00 [Time: 827] Server: 
2023/10/31 23:16:00 [Time: 828] Server: 
2023/10/31 23:16:00 [Time: 829] Server: 
2023/10/31 23:16:00 [Time: 830] Server: 
2023/10/31 23:16:00 [Time: 831] Server: 
2023/10/31 23:16:00 [Time: 832] Server: 
2023/10/31 23:16:00 [Time: 833] Server: 
2023/10/31 23:16:00 [Time: 834] Server: 
2023/10/31 23:16:00 [Time: 835] Server: 
2023/10/31 23:16:00 [Time: 836] Server: 
2023/10/31 23:16:00 [Time: 837] Server: 
2023/10/31 23:16:00 [Time: 838] Server: 
2023/10/31 23:16:00 [Time: 839] Server: 
2023/10/31 23:16:00 [Time: 840] Server: 
2023/10/31 23:16:00 [Time: 841] Server: 
2023/10/31 23:16:00 [Time: 842] Server: 
2023/10/31 23:16:00 [Time: 843] Server: 
2023/10/31 23:16:00 [Time: 844] Server: 
2023/10/31 23:16:00 [Time: 845] Server: 
2023/10/31 23:16:00 [Time: 846] Server: 
2023/10/31 23:16:00 [Time: 847] Server: 
2023/10/31 23:16:00 [Time: 848] Server: 
2023/10/31 23:16:00 [Time: 849] Server: 
2023/10/31 23:16:00 [Time: 850] Server: 
2023/10/31 23:16:00 [Time: 851] Server: 
2023/10/31 23:16:00 [Time: 852] Server: 
2023/10/31 23:16:00 [Time: 853] Server: 
2023/10/31 23:16:00 [Time: 854] Server: 
2023/10/31 23:16:00 [Time: 855] Server: 
2023/10/31 23:16:00 [Time: 856] Server: 
2023/10/31 23:16:00 [Time: 857] Server: 
2023/10/31 23:16:00 [Time: 858] Server: 
2023/10/31 23:16:00 [Time: 859] Server: 
2023/10/31 23:16:00 [Time: 860] Server: 
2023/10/31 23:16:00 [Time: 861] Server: 
2023/10/31 23:16:00 [Time: 862] Server: 
2023/10/31 23:16:00 [Time: 863] Server: 
2023/10/31 23:16:00 [Time: 864] Server: 
2023/10/31 23:16:00 [Time: 865] Server: 
2023/10/31 23:16:00 [Time: 866] Server: 
2023/10/31 23:16:00 [Time: 867] Server: 
2023/10/31 23:16:00 [Time: 868] Server: 
2023/10/31 23:16:00 [Time: 869] Server: 
2023/10/31 23:16:00 [Time: 870] Server: 
2023/10/31 23:16:00 [Time: 871] Server: 
2023/10/31 23:16:00 [Time: 872] Server: 
2023/10/31 23:16:00 [Time: 873] Server: 
2023/10/31 23:16:00 [Time: 874] Server: 
2023/10/31 23:16:00 [Time: 875] Server: 
2023/10/31 23:16:00 [Time: 876] Server: 
2023/10/31 23:16:00 [Time: 877] Server: 
2023/10/31 23:16:00 [Time: 878] Server: 
2023/10/31 23:16:00 [Time: 879] Server: 
2023/10/31 23:16:00 [Time: 880] Server: 
2023/10/31 23:16:00 [Time: 881] Server: 
2023/10/31 23:16:00 [Time: 882] Server: 
2023/10/31 23:16:00 [Time: 883] Server: 
2023/10/31 23:16:00 [Time: 884] Server: 
2023/10/31 23:16:00 [Time: 885] Server: 
2023/10/31 23:16:00 [Time: 886] Server: 
2023/10/31 23:16:00 [Time: 887] Server: 
2023/10/31 23:16:00 [Time: 888] Server: 
2023/10/31 23:16:00 [Time: 889] Server: 
2023/10/31 23:16:00 [Time: 890] Server: 
2023/10/31 23:16:00 [Time: 891] Server: 
2023/10/31 23:16:00 [Time: 892] Server: 
2023/10/31 23:16:00 [Time: 893] Server: 
2023/10/31 23:16:00 [Time: 894] Server: 
2023/10/31 23:16:00 [Time: 895] Server: 
2023/10/31 23:16:00 [Time: 896] Server: 
2023/10/31 23:16:00 [Time: 897] Server: 
2023/10/31 23:16:00 [Time: 898] Server: 
2023/10/31 23:16:00 [Time: 899] Server: 
2023/10/31 23:16:00 [Time: 900] Server: 
2023/10/31 23:16:00 [Time: 901] Server: 
2023/10/31 23:16:00 [Time: 902] Server: 
2023/10/31 23:16:00 [Time: 903] Server: 
2023/10/31 23:16:00 [Time: 904] Server: 
2023/10/31 23:16:00 [Time: 905] Server: 
2023/10/31 23:16:00 [Time: 906] Server: 
2023/10/31 23:16:00 [Time: 907] Server: 
2023/10/31 23:16:00 [Time: 908] Server: 
2023/10/31 23:16:00 [Time: 909] Server: 
2023/10/31 23:16:00 [Time: 910] Server: 
2023/10/31 23:16:00 [Time: 911] Server: 
2023/10/31 23:16:00 [Time: 912] Server: 
2023/10/31 23:16:00 [Time: 913] Server: 
2023/10/31 23:16:00 [Time: 914] Server: 
2023/10/31 23:16:00 [Time: 915] Server: 
2023/10/31 23:16:00 [Time: 916] Server: 
2023/10/31 23:16:00 [Time: 917] Server: 
2023/10/31 23:16:00 [Time: 918] Server: 
2023/10/31 23:16:00 [Time: 919] Server: 
2023/10/31 23:16:00 [Time: 920] Server: 
2023/10/31 23:16:00 [Time: 921] Server: 
2023/10/31 23:16:00 [Time: 922] Server: 
2023/10/31 23:16:00 [Time: 923] Server: 
2023/10/31 23:16:00 [Time: 924] Server: 
2023/10/31 23:16:00 [Time: 925] Server: 
2023/10/31 23:16:00 [Time: 926] Server: 
2023/10/31 23:16:00 [Time: 927] Server: 
2023/10/31 23:16:00 [Time: 928] Server: 
2023/10/31 23:16:00 [Time: 929] Server: 
2023/10/31 23:16:00 [Time: 930] Server: 
2023/10/31 23:16:00 [Time: 931] Server: 
2023/10/31 23:16:00 [Time: 932] Server: 
2023/10/31 23:16:00 [Time: 933] Server: 
2023/10/31 23:16:00 [Time: 934] Server: 
2023/10/31 23:16:00 [Time: 935] Server: 
2023/10/31 23:16:00 [Time: 936] Server: 
2023/10/31 23:16:00 [Time: 937] Server: 
2023/10/31 23:16:00 [Time: 938] Server: 
2023/10/31 23:16:00 [Time: 939] Server: 
2023/10/31 23:16:00 [Time: 940] Server: 
2023/10/31 23:16:00 [Time: 941] Server: 
2023/10/31 23:16:00 [Time: 942] Server: 
2023/10/31 23:16:00 [Time: 943] Server: 
2023/10/31 23:16:00 [Time: 944] Server: 
2023/10/31 23:16:00 [Time: 945] Server: 
2023/10/31 23:16:00 [Time: 946] Server: 
2023/10/31 23:16:00 [Time: 947] Server: 
2023/10/31 23:16:00 [Time: 948] Server: 
2023/10/31 23:16:00 [Time: 949] Server: 
2023/10/31 23:16:01 [Time: 950] Server: 
2023/10/31 23:16:01 [Time: 951] Server: 
2023/10/31 23:16:01 [Time: 952] Server: 
2023/10/31 23:16:01 [Time: 953] Server: 
2023/10/31 23:16:01 [Time: 954] Server: 
2023/10/31 23:16:01 [Time: 955] Server: 
2023/10/31 23:16:01 [Time: 956] Server: 
2023/10/31 23:16:01 [Time: 957] Server: 
2023/10/31 23:16:01 [Time: 958] Server: 
2023/10/31 23:16:01 [Time: 959] Server: 
2023/10/31 23:16:01 [Time: 960] Server: 
2023/10/31 23:16:01 [Time: 961] Server: 
2023/10/31 23:16:01 [Time: 962] Server: 
2023/10/31 23:16:01 [Time: 963] Server: 
2023/10/31 23:16:01 [Time: 964] Server: 
2023/10/31 23:16:01 [Time: 965] Server: 
2023/10/31 23:16:01 [Time: 966] Server: 
2023/10/31 23:16:01 [Time: 967] Server: 
2023/10/31 23:16:01 [Time: 968] Server: 
2023/10/31 23:16:01 [Time: 969] Server: 
2023/10/31 23:16:01 [Time: 970] Server: 
2023/10/31 23:16:01 [Time: 971] Server: 
2023/10/31 23:16:01 [Time: 972] Server: 
2023/10/31 23:16:01 [Time: 973] Server: 
2023/10/31 23:16:01 [Time: 974] Server: 
2023/10/31 23:16:01 [Time: 975] Server: 
2023/10/31 23:16:01 [Time: 976] Server: 
2023/10/31 23:16:01 [Time: 977] Server: 
2023/10/31 23:16:01 [Time: 978] Server: 
2023/10/31 23:16:01 [Time: 979] Server: 
2023/10/31 23:16:01 [Time: 980] Server: 
2023/10/31 23:16:01 [Time: 981] Server: 
2023/10/31 23:16:01 [Time: 982] Server: 
2023/10/31 23:16:01 [Time: 983] Server: 
2023/10/31 23:16:01 [Time: 984] Server: 
2023/10/31 23:16:01 [Time: 985] Server: 
2023/10/31 23:16:01 [Time: 986] Server: 
2023/10/31 23:16:01 [Time: 987] Server: 
2023/10/31 23:16:01 [Time: 988] Server: 
2023/10/31 23:16:01 [Time: 989] Server: 
2023/10/31 23:16:01 [Time: 990] Server: 
2023/10/31 23:16:01 [Time: 991] Server: 
2023/10/31 23:16:01 [Time: 992] Server: 
2023/10/31 23:16:01 [Time: 993] Server: 
2023/10/31 23:16:01 [Time: 994] Server: 
2023/10/31 23:16:01 [Time: 995] Server: 
2023/10/31 23:16:01 [Time: 996] Server: 
2023/10/31 23:16:01 [Time: 997] Server: 
2023/10/31 23:16:01 [Time: 998] Server: 
2023/10/31 23:16:01 [Time: 999] Server: 
2023/10/31 23:16:01 [Time: 1000] Server: 
2023/10/31 23:16:01 [Time: 1001] Server: 
2023/10/31 23:16:01 [Time: 1002] Server: 
2023/10/31 23:16:01 [Time: 1003] Server: 
2023/10/31 23:16:01 [Time: 1004] Server: 
2023/10/31 23:16:01 [Time: 1005] Server: 
2023/10/31 23:16:01 [Time: 1006] Server: 
2023/10/31 23:16:01 [Time: 1007] Server: 
2023/10/31 23:16:01 [Time: 1008] Server: 
2023/10/31 23:16:01 [Time: 1009] Server: 
2023/10/31 23:16:01 [Time: 1010] Server: 
2023/10/31 23:16:01 [Time: 1011] Server: 
2023/10/31 23:16:01 [Time: 1012] Server: 
2023/10/31 23:16:01 [Time: 1013] Server: 
2023/10/31 23:16:01 [Time: 1014] Server: 
2023/10/31 23:16:01 [Time: 1015] Server: 
2023/10/31 23:16:01 [Time: 1016] Server: 
2023/10/31 23:16:01 [Time: 1017] Server: 
2023/10/31 23:16:01 [Time: 1018] Server: 
2023/10/31 23:16:01 [Time: 1019] Server: 
2023/10/31 23:16:01 [Time: 1020] Server: 
2023/10/31 23:16:01 [Time: 1021] Server: 
2023/10/31 23:16:01 [Time: 1022] Server: 
2023/10/31 23:16:01 [Time: 1023] Server: 
2023/10/31 23:16:01 [Time: 1024] Server: 
2023/10/31 23:16:01 [Time: 1025] Server: 
2023/10/31 23:16:01 [Time: 1026] Server: 
2023/10/31 23:16:01 [Time: 1027] Server: 
2023/10/31 23:16:01 [Time: 1028] Server: 
2023/10/31 23:16:01 [Time: 1029] Server: 
2023/10/31 23:16:01 [Time: 1030] Server: 
2023/10/31 23:16:01 [Time: 1031] Server: 
2023/10/31 23:16:01 [Time: 1032] Server: 
2023/10/31 23:16:01 [Time: 1033] Server: 
2023/10/31 23:16:01 [Time: 1034] Server: 
2023/10/31 23:16:01 [Time: 1035] Server: 
2023/10/31 23:16:01 [Time: 1036] Server: 
2023/10/31 23:16:01 [Time: 1037] Server: 
2023/10/31 23:16:01 [Time: 1038] Server: 
2023/10/31 23:16:01 [Time: 1039] Server: 
2023/10/31 23:16:01 [Time: 1040] Server: 
2023/10/31 23:16:01 [Time: 1041] Server: 
2023/10/31 23:16:01 [Time: 1042] Server: 
2023/10/31 23:16:01 [Time: 1043] Server: 
2023/10/31 23:16:01 [Time: 1044] Server: 
2023/10/31 23:16:01 [Time: 1045] Server: 
2023/10/31 23:16:01 [Time: 1046] Server: 
2023/10/31 23:16:01 [Time: 1047] Server: 
2023/10/31 23:16:01 [Time: 1048] Server: 
2023/10/31 23:16:01 [Time: 1049] Server: 
2023/10/31 23:16:01 [Time: 1050] Server: 
2023/10/31 23:16:01 [Time: 1051] Server: 
2023/10/31 23:16:01 [Time: 1052] Server: 
2023/10/31 23:16:01 [Time: 1053] Server: 
2023/10/31 23:16:01 [Time: 1054] Server: 
2023/10/31 23:16:01 [Time: 1055] Server: 
2023/10/31 23:16:01 [Time: 1056] Server: 
2023/10/31 23:16:01 [Time: 1057] Server: 
2023/10/31 23:16:01 [Time: 1058] Server: 
2023/10/31 23:16:01 [Time: 1059] Server: 
2023/10/31 23:16:01 [Time: 1060] Server: 
2023/10/31 23:16:01 [Time: 1061] Server: 
2023/10/31 23:16:01 [Time: 1062] Server: 
2023/10/31 23:16:01 [Time: 1063] Server: 
2023/10/31 23:16:01 [Time: 1064] Server: 
2023/10/31 23:16:01 [Time: 1065] Server: 
2023/10/31 23:16:01 [Time: 1066] Server: 
2023/10/31 23:16:01 [Time: 1067] Server: 
2023/10/31 23:16:01 [Time: 1068] Server: 
2023/10/31 23:16:01 [Time: 1069] Server: 
2023/10/31 23:16:01 [Time: 1070] Server: 
2023/10/31 23:16:01 [Time: 1071] Server: 
2023/10/31 23:16:01 [Time: 1072] Server: 
2023/10/31 23:16:01 [Time: 1073] Server: 
2023/10/31 23:16:01 [Time: 1074] Server: 
2023/10/31 23:16:01 [Time: 1075] Server: 
2023/10/31 23:16:01 [Time: 1076] Server: 
2023/10/31 23:16:01 [Time: 1077] Server: 
2023/10/31 23:16:01 [Time: 1078] Server: 
2023/10/31 23:16:01 [Time: 1079] Server: 
2023/10/31 23:16:01 [Time: 1080] Server: 
2023/10/31 23:16:01 [Time: 1081] Server: 
2023/10/31 23:16:01 [Time: 1082] Server: 
2023/10/31 23:16:01 [Time: 1083] Server: 
2023/10/31 23:16:01 [Time: 1084] Server: 
2023/10/31 23:16:01 [Time: 1085] Server: 
2023/10/31 23:16:01 [Time: 1086] Server: 
2023/10/31 23:16:01 [Time: 1087] Server: 
2023/10/31 23:16:01 [Time: 1088] Server: 
2023/10/31 23:16:01 [Time: 1089] Server: 
2023/10/31 23:16:01 [Time: 1090] Server: 
2023/10/31 23:16:01 [Time: 1091] Server: 
2023/10/31 23:16:01 [Time: 1092] Server: 
2023/10/31 23:16:01 [Time: 1093] Server: 
2023/10/31 23:16:01 [Time: 1094] Server: 
2023/10/31 23:16:01 [Time: 1095] Server: 
2023/10/31 23:16:01 [Time: 1096] Server: 
2023/10/31 23:16:01 [Time: 1097] Server: 
2023/10/31 23:16:01 [Time: 1098] Server: 
2023/10/31 23:16:01 [Time: 1099] Server: 
2023/10/31 23:16:01 [Time: 1100] Server: 
2023/10/31 23:16:01 [Time: 1101] Server: 
2023/10/31 23:16:01 [Time: 1102] Server: 
2023/10/31 23:16:01 [Time: 1103] Server: 
2023/10/31 23:16:01 [Time: 1104] Server: 
2023/10/31 23:16:01 [Time: 1105] Server: 
2023/10/31 23:16:01 [Time: 1106] Server: 
2023/10/31 23:16:01 [Time: 1107] Server: 
2023/10/31 23:16:01 [Time: 1108] Server: 
2023/10/31 23:16:01 [Time: 1109] Server: 
2023/10/31 23:16:01 [Time: 1110] Server: 
2023/10/31 23:16:01 [Time: 1111] Server: 
2023/10/31 23:16:01 [Time: 1112] Server: 
2023/10/31 23:16:01 [Time: 1113] Server: 
2023/10/31 23:16:01 [Time: 1114] Server: 
2023/10/31 23:16:01 [Time: 1115] Server: 
2023/10/31 23:16:01 [Time: 1116] Server: 
2023/10/31 23:16:01 [Time: 1117] Server: 
2023/10/31 23:16:01 [Time: 1118] Server: 
2023/10/31 23:16:01 [Time: 1119] Server: 
2023/10/31 23:16:02 [Time: 1120] Server: 
2023/10/31 23:16:02 [Time: 1121] Server: 
2023/10/31 23:16:02 [Time: 1122] Server: 
2023/10/31 23:16:02 [Time: 1123] Server: 
2023/10/31 23:16:02 [Time: 1124] Server: 
2023/10/31 23:16:02 [Time: 1125] Server: 
2023/10/31 23:16:02 [Time: 1126] Server: 
2023/10/31 23:16:02 [Time: 1127] Server: 
2023/10/31 23:16:02 [Time: 1128] Server: 
2023/10/31 23:16:02 [Time: 1129] Server: 
2023/10/31 23:16:02 [Time: 1130] Server: 
2023/10/31 23:16:02 [Time: 1131] Server: 
2023/10/31 23:16:02 [Time: 1132] Server: 
2023/10/31 23:16:02 [Time: 1133] Server: 
2023/10/31 23:16:02 [Time: 1134] Server: 
2023/10/31 23:16:02 [Time: 1135] Server: 
2023/10/31 23:16:02 [Time: 1136] Server: 
2023/10/31 23:16:02 [Time: 1137] Server: 
2023/10/31 23:16:02 [Time: 1138] Server: 
2023/10/31 23:16:02 [Time: 1139] Server: 
2023/10/31 23:16:02 [Time: 1140] Server: 
2023/10/31 23:16:02 [Time: 1141] Server: 
2023/10/31 23:16:02 [Time: 1142] Server: 
2023/10/31 23:16:02 [Time: 1143] Server: 
2023/10/31 23:16:02 [Time: 1144] Server: 
2023/10/31 23:16:02 [Time: 1145] Server: 
2023/10/31 23:16:02 [Time: 1146] Server: 
2023/10/31 23:16:02 [Time: 1147] Server: 
2023/10/31 23:16:02 [Time: 1148] Server: 
2023/10/31 23:16:02 [Time: 1149] Server: 
2023/10/31 23:16:02 [Time: 1150] Server: 
2023/10/31 23:16:02 [Time: 1151] Server: 
2023/10/31 23:16:02 [Time: 1152] Server: 
2023/10/31 23:16:02 [Time: 1153] Server: 
2023/10/31 23:16:02 [Time: 1154] Server: 
2023/10/31 23:16:02 [Time: 1155] Server: 
2023/10/31 23:16:02 [Time: 1156] Server: 
2023/10/31 23:16:02 [Time: 1157] Server: 
2023/10/31 23:16:02 [Time: 1158] Server: 
2023/10/31 23:16:02 [Time: 1159] Server: 
2023/10/31 23:16:02 [Time: 1160] Server: 
2023/10/31 23:16:02 [Time: 1161] Server: 
2023/10/31 23:16:02 [Time: 1162] Server: 
2023/10/31 23:16:02 [Time: 1163] Server: 
2023/10/31 23:16:02 [Time: 1164] Server: 
2023/10/31 23:16:02 [Time: 1165] Server: 
2023/10/31 23:16:02 [Time: 1166] Server: 
2023/10/31 23:16:02 [Time: 1167] Server: 
2023/10/31 23:16:02 [Time: 1168] Server: 
2023/10/31 23:16:02 [Time: 1169] Server: 
2023/10/31 23:16:02 [Time: 1170] Server: 
2023/10/31 23:16:02 [Time: 1171] Server: 
2023/10/31 23:16:02 [Time: 1172] Server: 
2023/10/31 23:16:02 [Time: 1173] Server: 
2023/10/31 23:16:02 [Time: 1174] Server: 
2023/10/31 23:16:02 [Time: 1175] Server: 
2023/10/31 23:16:02 [Time: 1176] Server: 
2023/10/31 23:16:02 [Time: 1177] Server: 
2023/10/31 23:16:02 [Time: 1178] Server: 
2023/10/31 23:16:02 [Time: 1179] Server: 
2023/10/31 23:16:02 [Time: 1180] Server: 
2023/10/31 23:16:02 [Time: 1181] Server: 
2023/10/31 23:16:02 [Time: 1182] Server: 
2023/10/31 23:16:02 [Time: 1183] Server: 
2023/10/31 23:16:02 [Time: 1184] Server: 
2023/10/31 23:16:02 [Time: 1185] Server: 
2023/10/31 23:16:02 [Time: 1186] Server: 
2023/10/31 23:16:02 [Time: 1187] Server: 
2023/10/31 23:16:02 [Time: 1188] Server: 
